[2020-10-27 03:10:47,675][read_data.py 21][INFO]: 加载 G:\work\IMMTestProject\data\api_test_data.yml 文件......
[2020-10-27 03:15:25,919][read_data.py 21][INFO]: 加载 G:\work\IMMTestProject\data\api_test_data.yml 文件......
[2020-10-27 03:15:25,933][read_data.py 24][INFO]: 读到数据 ==>>  {'test_detect_image_faces_success': [['test-project', 'oss://imm-test/testcases/test.jpg', '200', True, True, 'oss://imm-test/testcases/test.jpg'], ['test-project', 'oss://imm-test/testcases/test.png', '200', True, True, 'oss://imm-test/testcases/test.png'], ['test-project', 'oss://imm-test/testcases/test.bmp', '200', True, True, 'oss://imm-test/testcases/test.bmp'], ['test-project', 'oss://imm-test/testcases/test.tif', '200', True, True, 'oss://imm-test/testcases/test.tif'], ['test-project', 'oss://imm-test/testcases/test.gif', '200', True, True, 'oss://imm-test/testcases/test.gif']], 'test_detect_image_faces_fail': [['non-exist-project', 'oss://imm-test/testcases/test.jpg', '400', True, False, False, 'project不存在'], ['other-user-project', 'oss://imm-test/testcases/test.jpg', '400', True, False, False, 'project不是当前用户的project'], ['test-project', 'oss://imm-test/testcases', '400', True, False, False, 'ImageUri路径不是图片'], ['test-project', 'oss://aaa/testcases/test.jpg', '400', True, False, False, '当前project不存在的obs'], ['test-project', 'test://imm-test/testcases/test.jpg', '400', True, False, False, 'ImageUri路径格式异常'], ['test-project', 'oss://imm-test/testcases/notexistpic.jpg', '400', True, False, False, 'ImageUri路径图片不存在'], ['test-project', 'oss://imm-test/testcases/test.txt', '400', True, False, False, 'ImageUri不是图片格式'], ['test-project', 'oss://imm-test/testcases/aaa.jpg', '400', True, False, False, '图片异常分析失败']]} 
[2020-10-27 03:15:27,343][test_detect_image_faces.py 35][INFO]: *************** 开始执行用例 ***************
[2020-10-27 03:15:27,707][test_detect_image_faces.py 35][INFO]: *************** 开始执行用例 ***************
[2020-10-27 03:15:27,900][test_detect_image_faces.py 35][INFO]: *************** 开始执行用例 ***************
[2020-10-27 03:15:28,070][test_detect_image_faces.py 35][INFO]: *************** 开始执行用例 ***************
[2020-10-27 03:15:28,250][test_detect_image_faces.py 35][INFO]: *************** 开始执行用例 ***************
[2020-10-27 03:15:28,452][test_detect_image_faces.py 63][INFO]: *************** 开始执行用例 ***************
[2020-10-27 03:15:28,671][test_detect_image_faces.py 63][INFO]: *************** 开始执行用例 ***************
[2020-10-27 03:15:28,853][test_detect_image_faces.py 63][INFO]: *************** 开始执行用例 ***************
[2020-10-27 03:15:29,023][test_detect_image_faces.py 63][INFO]: *************** 开始执行用例 ***************
[2020-10-27 03:15:29,166][test_detect_image_faces.py 63][INFO]: *************** 开始执行用例 ***************
[2020-10-27 03:15:29,346][test_detect_image_faces.py 63][INFO]: *************** 开始执行用例 ***************
[2020-10-27 03:15:29,507][test_detect_image_faces.py 63][INFO]: *************** 开始执行用例 ***************
[2020-10-27 03:15:29,699][test_detect_image_faces.py 63][INFO]: *************** 开始执行用例 ***************
[2020-10-27 03:35:23,325][read_data.py 21][INFO]: 加载 G:\work\IMMTestProject\data\api_test_data.yml 文件......
[2020-10-27 03:35:23,341][read_data.py 24][INFO]: 读到数据 ==>>  {'test_detect_image_faces_success': [['test-project', 'oss://imm-test/testcases/test.jpg', '200', True, True, 'oss://imm-test/testcases/test.jpg'], ['test-project', 'oss://imm-test/testcases/test.png', '200', True, True, 'oss://imm-test/testcases/test.png'], ['test-project', 'oss://imm-test/testcases/test.bmp', '200', True, True, 'oss://imm-test/testcases/test.bmp'], ['test-project', 'oss://imm-test/testcases/test.tif', '200', True, True, 'oss://imm-test/testcases/test.tif'], ['test-project', 'oss://imm-test/testcases/test.gif', '200', True, True, 'oss://imm-test/testcases/test.gif']], 'test_detect_image_faces_fail': [['non-exist-project', 'oss://imm-test/testcases/test.jpg', '400', True, False, False, 'project不存在'], ['other-user-project', 'oss://imm-test/testcases/test.jpg', '400', True, False, False, 'project不是当前用户的project'], ['test-project', 'oss://imm-test/testcases', '400', True, False, False, 'ImageUri路径不是图片'], ['test-project', 'oss://aaa/testcases/test.jpg', '400', True, False, False, '当前project不存在的obs'], ['test-project', 'test://imm-test/testcases/test.jpg', '400', True, False, False, 'ImageUri路径格式异常'], ['test-project', 'oss://imm-test/testcases/notexistpic.jpg', '400', True, False, False, 'ImageUri路径图片不存在'], ['test-project', 'oss://imm-test/testcases/test.txt', '400', True, False, False, 'ImageUri不是图片格式'], ['test-project', 'oss://imm-test/testcases/aaa.jpg', '400', True, False, False, '图片异常分析失败']]} 
[2020-10-27 03:35:23,890][test_detect_image_faces.py 35][INFO]: *************** 开始执行用例 ***************
[2020-10-27 03:35:24,196][test_detect_image_faces.py 35][INFO]: *************** 开始执行用例 ***************
[2020-10-27 03:35:24,373][test_detect_image_faces.py 35][INFO]: *************** 开始执行用例 ***************
[2020-10-27 03:35:24,534][test_detect_image_faces.py 35][INFO]: *************** 开始执行用例 ***************
[2020-10-27 03:35:24,700][test_detect_image_faces.py 35][INFO]: *************** 开始执行用例 ***************
[2020-10-27 03:35:24,858][test_detect_image_faces.py 63][INFO]: *************** 开始执行用例 ***************
[2020-10-27 03:35:25,011][test_detect_image_faces.py 63][INFO]: *************** 开始执行用例 ***************
[2020-10-27 03:35:25,160][test_detect_image_faces.py 63][INFO]: *************** 开始执行用例 ***************
[2020-10-27 03:35:25,342][test_detect_image_faces.py 63][INFO]: *************** 开始执行用例 ***************
[2020-10-27 03:35:25,498][test_detect_image_faces.py 63][INFO]: *************** 开始执行用例 ***************
[2020-10-27 03:35:25,622][test_detect_image_faces.py 63][INFO]: *************** 开始执行用例 ***************
[2020-10-27 03:35:25,769][test_detect_image_faces.py 63][INFO]: *************** 开始执行用例 ***************
[2020-10-27 03:35:25,917][test_detect_image_faces.py 63][INFO]: *************** 开始执行用例 ***************
[2020-10-27 15:10:56,972][read_data.py 21][INFO]: 加载 G:\work\IMMTestProject\data\api_test_data.yml 文件......
[2020-10-27 15:10:56,986][read_data.py 24][INFO]: 读到数据 ==>>  {'test_detect_image_faces_success': [['test-project', 'oss://imm-test/testcases/test.jpg', '200', True, True, 'oss://imm-test/testcases/test.jpg'], ['test-project', 'oss://imm-test/testcases/test.png', '200', True, True, 'oss://imm-test/testcases/test.png'], ['test-project', 'oss://imm-test/testcases/test.bmp', '200', True, True, 'oss://imm-test/testcases/test.bmp'], ['test-project', 'oss://imm-test/testcases/test.tif', '200', True, True, 'oss://imm-test/testcases/test.tif'], ['test-project', 'oss://imm-test/testcases/test.gif', '200', True, True, 'oss://imm-test/testcases/test.gif']], 'test_detect_image_faces_fail': [['non-exist-project', 'oss://imm-test/testcases/test.jpg', '400', True, False, False, 'project不存在'], ['other-user-project', 'oss://imm-test/testcases/test.jpg', '400', True, False, False, 'project不是当前用户的project'], ['test-project', 'oss://imm-test/testcases', '400', True, False, False, 'ImageUri路径不是图片'], ['test-project', 'oss://aaa/testcases/test.jpg', '400', True, False, False, '当前project不存在的obs'], ['test-project', 'test://imm-test/testcases/test.jpg', '400', True, False, False, 'ImageUri路径格式异常'], ['test-project', 'oss://imm-test/testcases/notexistpic.jpg', '400', True, False, False, 'ImageUri路径图片不存在'], ['test-project', 'oss://imm-test/testcases/test.txt', '400', True, False, False, 'ImageUri不是图片格式'], ['test-project', 'oss://imm-test/testcases/aaa.jpg', '400', True, False, False, '图片异常分析失败']]} 
[2020-10-27 15:10:57,532][test_detect_image_faces.py 35][INFO]: *************** 开始执行用例 ***************
[2020-10-27 15:10:57,875][test_detect_image_faces.py 35][INFO]: *************** 开始执行用例 ***************
[2020-10-27 15:10:58,052][test_detect_image_faces.py 35][INFO]: *************** 开始执行用例 ***************
[2020-10-27 15:10:58,225][test_detect_image_faces.py 35][INFO]: *************** 开始执行用例 ***************
[2020-10-27 15:10:58,361][test_detect_image_faces.py 35][INFO]: *************** 开始执行用例 ***************
[2020-10-27 15:10:58,516][test_detect_image_faces.py 63][INFO]: *************** 开始执行用例 ***************
[2020-10-27 15:10:58,641][test_detect_image_faces.py 63][INFO]: *************** 开始执行用例 ***************
[2020-10-27 15:10:58,809][test_detect_image_faces.py 63][INFO]: *************** 开始执行用例 ***************
[2020-10-27 15:10:58,939][test_detect_image_faces.py 63][INFO]: *************** 开始执行用例 ***************
[2020-10-27 15:10:59,061][test_detect_image_faces.py 63][INFO]: *************** 开始执行用例 ***************
[2020-10-27 15:10:59,183][test_detect_image_faces.py 63][INFO]: *************** 开始执行用例 ***************
[2020-10-27 15:10:59,349][test_detect_image_faces.py 63][INFO]: *************** 开始执行用例 ***************
[2020-10-27 15:10:59,469][test_detect_image_faces.py 63][INFO]: *************** 开始执行用例 ***************
[2020-10-27 15:13:21,871][read_data.py 21][INFO]: 加载 G:\work\IMMTestProject\data\api_test_data.yml 文件......
[2020-10-27 15:13:21,886][read_data.py 24][INFO]: 读到数据 ==>>  {'test_detect_image_faces_success': [['test-project', 'oss://imm-test/testcases/test.jpg', '200', True, True, 'oss://imm-test/testcases/test.jpg'], ['test-project', 'oss://imm-test/testcases/test.png', '200', True, True, 'oss://imm-test/testcases/test.png'], ['test-project', 'oss://imm-test/testcases/test.bmp', '200', True, True, 'oss://imm-test/testcases/test.bmp'], ['test-project', 'oss://imm-test/testcases/test.tif', '200', True, True, 'oss://imm-test/testcases/test.tif'], ['test-project', 'oss://imm-test/testcases/test.gif', '200', True, True, 'oss://imm-test/testcases/test.gif']], 'test_detect_image_faces_fail': [['non-exist-project', 'oss://imm-test/testcases/test.jpg', '400', True, False, False, 'project不存在'], ['other-user-project', 'oss://imm-test/testcases/test.jpg', '400', True, False, False, 'project不是当前用户的project'], ['test-project', 'oss://imm-test/testcases', '400', True, False, False, 'ImageUri路径不是图片'], ['test-project', 'oss://aaa/testcases/test.jpg', '400', True, False, False, '当前project不存在的obs'], ['test-project', 'test://imm-test/testcases/test.jpg', '400', True, False, False, 'ImageUri路径格式异常'], ['test-project', 'oss://imm-test/testcases/notexistpic.jpg', '400', True, False, False, 'ImageUri路径图片不存在'], ['test-project', 'oss://imm-test/testcases/test.txt', '400', True, False, False, 'ImageUri不是图片格式'], ['test-project', 'oss://imm-test/testcases/aaa.jpg', '400', True, False, False, '图片异常分析失败']]} 
[2020-10-27 15:13:22,408][test_detect_image_faces.py 25][INFO]: *************** 开始执行用例 ***************
[2020-10-27 15:13:22,687][test_detect_image_faces.py 25][INFO]: *************** 开始执行用例 ***************
[2020-10-27 15:13:22,882][test_detect_image_faces.py 25][INFO]: *************** 开始执行用例 ***************
[2020-10-27 15:13:23,070][test_detect_image_faces.py 25][INFO]: *************** 开始执行用例 ***************
[2020-10-27 15:13:23,273][test_detect_image_faces.py 25][INFO]: *************** 开始执行用例 ***************
[2020-10-27 15:13:23,427][test_detect_image_faces.py 53][INFO]: *************** 开始执行用例 ***************
[2020-10-27 15:13:23,580][test_detect_image_faces.py 53][INFO]: *************** 开始执行用例 ***************
[2020-10-27 15:13:23,711][test_detect_image_faces.py 53][INFO]: *************** 开始执行用例 ***************
[2020-10-27 15:13:23,834][test_detect_image_faces.py 53][INFO]: *************** 开始执行用例 ***************
[2020-10-27 15:13:23,983][test_detect_image_faces.py 53][INFO]: *************** 开始执行用例 ***************
[2020-10-27 15:13:24,109][test_detect_image_faces.py 53][INFO]: *************** 开始执行用例 ***************
[2020-10-27 15:13:24,250][test_detect_image_faces.py 53][INFO]: *************** 开始执行用例 ***************
[2020-10-27 15:13:24,381][test_detect_image_faces.py 53][INFO]: *************** 开始执行用例 ***************
[2020-10-27 15:24:08,744][read_data.py 21][INFO]: 加载 G:\work\IMMTestProject\data\api_test_data.yml 文件......
[2020-10-27 15:24:08,758][read_data.py 24][INFO]: 读到数据 ==>>  {'test_detect_image_faces_success': [['test-project', 'oss://imm-test/testcases/test.jpg', '200', True, True, 'oss://imm-test/testcases/test.jpg'], ['test-project', 'oss://imm-test/testcases/test.png', '200', True, True, 'oss://imm-test/testcases/test.png'], ['test-project', 'oss://imm-test/testcases/test.bmp', '200', True, True, 'oss://imm-test/testcases/test.bmp'], ['test-project', 'oss://imm-test/testcases/test.tif', '200', True, True, 'oss://imm-test/testcases/test.tif'], ['test-project', 'oss://imm-test/testcases/test.gif', '200', True, True, 'oss://imm-test/testcases/test.gif']], 'test_detect_image_faces_fail': [['non-exist-project', 'oss://imm-test/testcases/test.jpg', '400', True, False, False, 'project不存在'], ['other-user-project', 'oss://imm-test/testcases/test.jpg', '400', True, False, False, 'project不是当前用户的project'], ['test-project', 'oss://imm-test/testcases', '400', True, False, False, 'ImageUri路径不是图片'], ['test-project', 'oss://aaa/testcases/test.jpg', '400', True, False, False, '当前project不存在的obs'], ['test-project', 'test://imm-test/testcases/test.jpg', '400', True, False, False, 'ImageUri路径格式异常'], ['test-project', 'oss://imm-test/testcases/notexistpic.jpg', '400', True, False, False, 'ImageUri路径图片不存在'], ['test-project', 'oss://imm-test/testcases/test.txt', '400', True, False, False, 'ImageUri不是图片格式'], ['test-project', 'oss://imm-test/testcases/aaa.jpg', '400', True, False, False, '图片异常分析失败']]} 
[2020-10-27 15:24:09,335][test_detect_image_faces.py 25][INFO]: *************** 开始执行用例 ***************
[2020-10-27 15:24:09,565][test_detect_image_faces.py 25][INFO]: *************** 开始执行用例 ***************
[2020-10-27 15:24:09,672][test_detect_image_faces.py 25][INFO]: *************** 开始执行用例 ***************
[2020-10-27 15:24:09,796][test_detect_image_faces.py 25][INFO]: *************** 开始执行用例 ***************
[2020-10-27 15:24:09,966][test_detect_image_faces.py 25][INFO]: *************** 开始执行用例 ***************
[2020-10-27 15:24:10,098][test_detect_image_faces.py 60][INFO]: *************** 开始执行用例 ***************
[2020-10-27 15:24:10,236][test_detect_image_faces.py 60][INFO]: *************** 开始执行用例 ***************
[2020-10-27 15:24:10,361][test_detect_image_faces.py 60][INFO]: *************** 开始执行用例 ***************
[2020-10-27 15:24:10,508][test_detect_image_faces.py 60][INFO]: *************** 开始执行用例 ***************
[2020-10-27 15:24:10,629][test_detect_image_faces.py 60][INFO]: *************** 开始执行用例 ***************
[2020-10-27 15:24:10,737][test_detect_image_faces.py 60][INFO]: *************** 开始执行用例 ***************
[2020-10-27 15:24:10,870][test_detect_image_faces.py 60][INFO]: *************** 开始执行用例 ***************
[2020-10-27 15:24:11,013][test_detect_image_faces.py 60][INFO]: *************** 开始执行用例 ***************
[2020-10-27 15:27:15,655][read_data.py 21][INFO]: 加载 G:\work\IMMTestProject\data\api_test_data.yml 文件......
[2020-10-27 15:27:15,669][read_data.py 24][INFO]: 读到数据 ==>>  {'test_detect_image_faces_success': [['test-project', 'oss://imm-test/testcases/test.jpg', '200', True, True, 'oss://imm-test/testcases/test.jpg'], ['test-project', 'oss://imm-test/testcases/test.png', '200', True, True, 'oss://imm-test/testcases/test.png'], ['test-project', 'oss://imm-test/testcases/test.bmp', '200', True, True, 'oss://imm-test/testcases/test.bmp'], ['test-project', 'oss://imm-test/testcases/test.tif', '200', True, True, 'oss://imm-test/testcases/test.tif'], ['test-project', 'oss://imm-test/testcases/test.gif', '200', True, True, 'oss://imm-test/testcases/test.gif']], 'test_detect_image_faces_fail': [['non-exist-project', 'oss://imm-test/testcases/test.jpg', '400', True, False, False, 'project不存在'], ['other-user-project', 'oss://imm-test/testcases/test.jpg', '400', True, False, False, 'project不是当前用户的project'], ['test-project', 'oss://imm-test/testcases', '400', True, False, False, 'ImageUri路径不是图片'], ['test-project', 'oss://aaa/testcases/test.jpg', '400', True, False, False, '当前project不存在的obs'], ['test-project', 'test://imm-test/testcases/test.jpg', '400', True, False, False, 'ImageUri路径格式异常'], ['test-project', 'oss://imm-test/testcases/notexistpic.jpg', '400', True, False, False, 'ImageUri路径图片不存在'], ['test-project', 'oss://imm-test/testcases/test.txt', '400', True, False, False, 'ImageUri不是图片格式'], ['test-project', 'oss://imm-test/testcases/aaa.jpg', '400', True, False, False, '图片异常分析失败']]} 
[2020-10-27 15:27:16,247][test_detect_image_faces.py 25][INFO]: *************** 开始执行用例 ***************
[2020-10-27 15:27:16,379][test_detect_image_faces.py 59][INFO]: *************** 结束执行用例 ***************
[2020-10-27 15:27:16,387][test_detect_image_faces.py 25][INFO]: *************** 开始执行用例 ***************
[2020-10-27 15:27:16,516][test_detect_image_faces.py 59][INFO]: *************** 结束执行用例 ***************
[2020-10-27 15:27:16,527][test_detect_image_faces.py 25][INFO]: *************** 开始执行用例 ***************
[2020-10-27 15:27:16,652][test_detect_image_faces.py 59][INFO]: *************** 结束执行用例 ***************
[2020-10-27 15:27:16,663][test_detect_image_faces.py 25][INFO]: *************** 开始执行用例 ***************
[2020-10-27 15:27:16,810][test_detect_image_faces.py 59][INFO]: *************** 结束执行用例 ***************
[2020-10-27 15:27:16,816][test_detect_image_faces.py 25][INFO]: *************** 开始执行用例 ***************
[2020-10-27 15:27:16,921][test_detect_image_faces.py 59][INFO]: *************** 结束执行用例 ***************
[2020-10-27 15:27:16,925][test_detect_image_faces.py 66][INFO]: *************** 开始执行用例 ***************
[2020-10-27 15:27:17,161][test_detect_image_faces.py 66][INFO]: *************** 开始执行用例 ***************
[2020-10-27 15:27:17,293][test_detect_image_faces.py 66][INFO]: *************** 开始执行用例 ***************
[2020-10-27 15:27:17,410][test_detect_image_faces.py 66][INFO]: *************** 开始执行用例 ***************
[2020-10-27 15:27:17,526][test_detect_image_faces.py 66][INFO]: *************** 开始执行用例 ***************
[2020-10-27 15:27:17,639][test_detect_image_faces.py 66][INFO]: *************** 开始执行用例 ***************
[2020-10-27 15:27:17,753][test_detect_image_faces.py 66][INFO]: *************** 开始执行用例 ***************
[2020-10-27 15:27:17,876][test_detect_image_faces.py 66][INFO]: *************** 开始执行用例 ***************
[2020-10-27 15:42:31,104][read_data.py 21][INFO]: 加载 G:\work\IMMTestProject\data\api_test_data.yml 文件......
[2020-10-27 15:42:31,119][read_data.py 24][INFO]: 读到数据 ==>>  {'test_detect_image_faces_success': [['test-project', 'oss://imm-test/testcases/test.jpg', '200', True, True, 'oss://imm-test/testcases/test.jpg'], ['test-project', 'oss://imm-test/testcases/test.png', '200', True, True, 'oss://imm-test/testcases/test.png'], ['test-project', 'oss://imm-test/testcases/test.bmp', '200', True, True, 'oss://imm-test/testcases/test.bmp'], ['test-project', 'oss://imm-test/testcases/test.tif', '200', True, True, 'oss://imm-test/testcases/test.tif'], ['test-project', 'oss://imm-test/testcases/test.gif', '200', True, True, 'oss://imm-test/testcases/test.gif']], 'test_detect_image_faces_fail': [['non-exist-project', 'oss://imm-test/testcases/test.jpg', '400', True, False, False, 'project不存在'], ['other-user-project', 'oss://imm-test/testcases/test.jpg', '400', True, False, False, 'project不是当前用户的project'], ['test-project', 'oss://imm-test/testcases', '400', True, False, False, 'ImageUri路径不是图片'], ['test-project', 'oss://aaa/testcases/test.jpg', '400', True, False, False, '当前project不存在的obs'], ['test-project', 'test://imm-test/testcases/test.jpg', '400', True, False, False, 'ImageUri路径格式异常'], ['test-project', 'oss://imm-test/testcases/notexistpic.jpg', '400', True, False, False, 'ImageUri路径图片不存在'], ['test-project', 'oss://imm-test/testcases/test.txt', '400', True, False, False, 'ImageUri不是图片格式'], ['test-project', 'oss://imm-test/testcases/aaa.jpg', '400', True, False, False, '图片异常分析失败']]} 
[2020-10-27 15:42:31,759][test_detect_image_faces.py 25][INFO]: *************** 开始执行用例 ***************
[2020-10-27 15:42:31,928][test_detect_image_faces.py 57][INFO]: *************** 结束执行用例 ***************
[2020-10-27 15:42:31,941][test_detect_image_faces.py 25][INFO]: *************** 开始执行用例 ***************
[2020-10-27 15:42:32,054][test_detect_image_faces.py 57][INFO]: *************** 结束执行用例 ***************
[2020-10-27 15:42:32,065][test_detect_image_faces.py 25][INFO]: *************** 开始执行用例 ***************
[2020-10-27 15:42:32,180][test_detect_image_faces.py 57][INFO]: *************** 结束执行用例 ***************
[2020-10-27 15:42:32,187][test_detect_image_faces.py 25][INFO]: *************** 开始执行用例 ***************
[2020-10-27 15:42:32,306][test_detect_image_faces.py 57][INFO]: *************** 结束执行用例 ***************
[2020-10-27 15:42:32,317][test_detect_image_faces.py 25][INFO]: *************** 开始执行用例 ***************
[2020-10-27 15:42:32,435][test_detect_image_faces.py 57][INFO]: *************** 结束执行用例 ***************
[2020-10-27 15:42:32,448][test_detect_image_faces.py 64][INFO]: *************** 开始执行用例 ***************
[2020-10-27 15:42:32,563][test_detect_image_faces.py 91][INFO]: *************** 结束执行用例 ***************
[2020-10-27 15:42:32,568][test_detect_image_faces.py 64][INFO]: *************** 开始执行用例 ***************
[2020-10-27 15:42:32,674][test_detect_image_faces.py 91][INFO]: *************** 结束执行用例 ***************
[2020-10-27 15:42:32,678][test_detect_image_faces.py 64][INFO]: *************** 开始执行用例 ***************
[2020-10-27 15:42:32,786][test_detect_image_faces.py 91][INFO]: *************** 结束执行用例 ***************
[2020-10-27 15:42:32,798][test_detect_image_faces.py 64][INFO]: *************** 开始执行用例 ***************
[2020-10-27 15:42:32,910][test_detect_image_faces.py 91][INFO]: *************** 结束执行用例 ***************
[2020-10-27 15:42:32,918][test_detect_image_faces.py 64][INFO]: *************** 开始执行用例 ***************
[2020-10-27 15:42:33,035][test_detect_image_faces.py 91][INFO]: *************** 结束执行用例 ***************
[2020-10-27 15:42:33,040][test_detect_image_faces.py 64][INFO]: *************** 开始执行用例 ***************
[2020-10-27 15:42:33,146][test_detect_image_faces.py 91][INFO]: *************** 结束执行用例 ***************
[2020-10-27 15:42:33,157][test_detect_image_faces.py 64][INFO]: *************** 开始执行用例 ***************
[2020-10-27 15:42:33,280][test_detect_image_faces.py 91][INFO]: *************** 结束执行用例 ***************
[2020-10-27 15:42:33,291][test_detect_image_faces.py 64][INFO]: *************** 开始执行用例 ***************
[2020-10-27 15:42:33,408][test_detect_image_faces.py 91][INFO]: *************** 结束执行用例 ***************
[2020-10-27 16:11:03,201][read_data.py 21][INFO]: 加载 G:\work\IMMTestProject\data\api_test_data.yml 文件......
[2020-10-27 16:11:03,216][read_data.py 24][INFO]: 读到数据 ==>>  {'test_detect_image_faces_success': [['test-project', 'oss://imm-test/testcases/test.jpg', '200', True, True, 'oss://imm-test/testcases/test.jpg'], ['test-project', 'oss://imm-test/testcases/test.png', '200', True, True, 'oss://imm-test/testcases/test.png'], ['test-project', 'oss://imm-test/testcases/test.bmp', '200', True, True, 'oss://imm-test/testcases/test.bmp'], ['test-project', 'oss://imm-test/testcases/test.tif', '200', True, True, 'oss://imm-test/testcases/test.tif'], ['test-project', 'oss://imm-test/testcases/test.gif', '200', True, True, 'oss://imm-test/testcases/test.gif']], 'test_detect_image_faces_fail': [['non-exist-project', 'oss://imm-test/testcases/test.jpg', '400', True, False, False, 'project不存在'], ['other-user-project', 'oss://imm-test/testcases/test.jpg', '400', True, False, False, 'project不是当前用户的project'], ['test-project', 'oss://imm-test/testcases', '400', True, False, False, 'ImageUri路径不是图片'], ['test-project', 'oss://aaa/testcases/test.jpg', '400', True, False, False, '当前project不存在的obs'], ['test-project', 'test://imm-test/testcases/test.jpg', '400', True, False, False, 'ImageUri路径格式异常'], ['test-project', 'oss://imm-test/testcases/notexistpic.jpg', '400', True, False, False, 'ImageUri路径图片不存在'], ['test-project', 'oss://imm-test/testcases/test.txt', '400', True, False, False, 'ImageUri不是图片格式'], ['test-project', 'oss://imm-test/testcases/aaa.jpg', '400', True, False, False, '图片异常分析失败']]} 
[2020-10-27 16:11:03,649][test_detect_image_faces.py 25][INFO]: *************** 开始执行用例 ***************
[2020-10-27 16:11:03,801][test_detect_image_faces.py 57][INFO]: *************** 结束执行用例 ***************
[2020-10-27 16:11:03,805][test_detect_image_faces.py 25][INFO]: *************** 开始执行用例 ***************
[2020-10-27 16:11:03,962][test_detect_image_faces.py 57][INFO]: *************** 结束执行用例 ***************
[2020-10-27 16:11:03,965][test_detect_image_faces.py 25][INFO]: *************** 开始执行用例 ***************
[2020-10-27 16:11:04,197][test_detect_image_faces.py 57][INFO]: *************** 结束执行用例 ***************
[2020-10-27 16:11:04,200][test_detect_image_faces.py 25][INFO]: *************** 开始执行用例 ***************
[2020-10-27 16:11:04,308][test_detect_image_faces.py 57][INFO]: *************** 结束执行用例 ***************
[2020-10-27 16:11:04,311][test_detect_image_faces.py 25][INFO]: *************** 开始执行用例 ***************
[2020-10-27 16:11:04,412][test_detect_image_faces.py 57][INFO]: *************** 结束执行用例 ***************
[2020-10-27 16:11:04,417][test_detect_image_faces.py 64][INFO]: *************** 开始执行用例 ***************
[2020-10-27 16:11:04,514][test_detect_image_faces.py 91][INFO]: *************** 结束执行用例 ***************
[2020-10-27 16:11:04,518][test_detect_image_faces.py 64][INFO]: *************** 开始执行用例 ***************
[2020-10-27 16:11:04,643][test_detect_image_faces.py 91][INFO]: *************** 结束执行用例 ***************
[2020-10-27 16:11:04,647][test_detect_image_faces.py 64][INFO]: *************** 开始执行用例 ***************
[2020-10-27 16:11:04,746][test_detect_image_faces.py 91][INFO]: *************** 结束执行用例 ***************
[2020-10-27 16:11:04,750][test_detect_image_faces.py 64][INFO]: *************** 开始执行用例 ***************
[2020-10-27 16:11:04,857][test_detect_image_faces.py 91][INFO]: *************** 结束执行用例 ***************
[2020-10-27 16:11:04,861][test_detect_image_faces.py 64][INFO]: *************** 开始执行用例 ***************
[2020-10-27 16:11:05,001][test_detect_image_faces.py 91][INFO]: *************** 结束执行用例 ***************
[2020-10-27 16:11:05,005][test_detect_image_faces.py 64][INFO]: *************** 开始执行用例 ***************
[2020-10-27 16:11:05,131][test_detect_image_faces.py 91][INFO]: *************** 结束执行用例 ***************
[2020-10-27 16:11:05,135][test_detect_image_faces.py 64][INFO]: *************** 开始执行用例 ***************
[2020-10-27 16:11:05,251][test_detect_image_faces.py 91][INFO]: *************** 结束执行用例 ***************
[2020-10-27 16:11:05,254][test_detect_image_faces.py 64][INFO]: *************** 开始执行用例 ***************
[2020-10-27 16:11:05,391][test_detect_image_faces.py 91][INFO]: *************** 结束执行用例 ***************
[2020-10-27 16:24:39,278][read_data.py 21][INFO]: 加载 G:\work\IMMTestProject\data\api_test_data.yml 文件......
[2020-10-27 16:24:39,294][read_data.py 24][INFO]: 读到数据 ==>>  {'test_detect_image_faces_success': [['test-project', 'oss://imm-test/testcases/test.jpg', '200', True, True, 'oss://imm-test/testcases/test.jpg'], ['test-project', 'oss://imm-test/testcases/test.png', '200', True, True, 'oss://imm-test/testcases/test.png'], ['test-project', 'oss://imm-test/testcases/test.bmp', '200', True, True, 'oss://imm-test/testcases/test.bmp'], ['test-project', 'oss://imm-test/testcases/test.tif', '200', True, True, 'oss://imm-test/testcases/test.tif'], ['test-project', 'oss://imm-test/testcases/test.gif', '200', True, True, 'oss://imm-test/testcases/test.gif']], 'test_detect_image_faces_fail': [['non-exist-project', 'oss://imm-test/testcases/test.jpg', '400', True, False, False, 'project不存在'], ['other-user-project', 'oss://imm-test/testcases/test.jpg', '400', True, False, False, 'project不是当前用户的project'], ['test-project', 'oss://imm-test/testcases', '400', True, False, False, 'ImageUri路径不是图片'], ['test-project', 'oss://aaa/testcases/test.jpg', '400', True, False, False, '当前project不存在的obs'], ['test-project', 'test://imm-test/testcases/test.jpg', '400', True, False, False, 'ImageUri路径格式异常'], ['test-project', 'oss://imm-test/testcases/notexistpic.jpg', '400', True, False, False, 'ImageUri路径图片不存在'], ['test-project', 'oss://imm-test/testcases/test.txt', '400', True, False, False, 'ImageUri不是图片格式'], ['test-project', 'oss://imm-test/testcases/aaa.jpg', '400', True, False, False, '图片异常分析失败']]} 
[2020-10-27 16:41:25,064][read_data.py 21][INFO]: 加载 G:\work\IMMTestProject\data\api_test_data.yml 文件......
[2020-10-27 16:41:25,078][read_data.py 24][INFO]: 读到数据 ==>>  {'test_detect_image_faces_success': [['test-project', 'oss://imm-test/testcases/test.jpg', '200', True, True, 'oss://imm-test/testcases/test.jpg'], ['test-project', 'oss://imm-test/testcases/test.png', '200', True, True, 'oss://imm-test/testcases/test.png'], ['test-project', 'oss://imm-test/testcases/test.bmp', '200', True, True, 'oss://imm-test/testcases/test.bmp'], ['test-project', 'oss://imm-test/testcases/test.tif', '200', True, True, 'oss://imm-test/testcases/test.tif'], ['test-project', 'oss://imm-test/testcases/test.gif', '200', True, True, 'oss://imm-test/testcases/test.gif']], 'test_detect_image_faces_fail': [['non-exist-project', 'oss://imm-test/testcases/test.jpg', '400', True, False, False, 'project不存在'], ['other-user-project', 'oss://imm-test/testcases/test.jpg', '400', True, False, False, 'project不是当前用户的project'], ['test-project', 'oss://imm-test/testcases', '400', True, False, False, 'ImageUri路径不是图片'], ['test-project', 'oss://aaa/testcases/test.jpg', '400', True, False, False, '当前project不存在的obs'], ['test-project', 'test://imm-test/testcases/test.jpg', '400', True, False, False, 'ImageUri路径格式异常'], ['test-project', 'oss://imm-test/testcases/notexistpic.jpg', '400', True, False, False, 'ImageUri路径图片不存在'], ['test-project', 'oss://imm-test/testcases/test.txt', '400', True, False, False, 'ImageUri不是图片格式'], ['test-project', 'oss://imm-test/testcases/aaa.jpg', '400', True, False, False, '图片异常分析失败']]} 
[2020-10-27 16:41:25,660][test_detect_image_faces.py 25][INFO]: *************** 开始执行用例 ***************
[2020-10-27 16:41:25,858][test_detect_image_faces.py 57][INFO]: *************** 结束执行用例 ***************
[2020-10-27 16:41:25,870][test_detect_image_faces.py 25][INFO]: *************** 开始执行用例 ***************
[2020-10-27 16:41:25,989][test_detect_image_faces.py 57][INFO]: *************** 结束执行用例 ***************
[2020-10-27 16:41:26,000][test_detect_image_faces.py 25][INFO]: *************** 开始执行用例 ***************
[2020-10-27 16:41:26,136][test_detect_image_faces.py 57][INFO]: *************** 结束执行用例 ***************
[2020-10-27 16:41:26,143][test_detect_image_faces.py 25][INFO]: *************** 开始执行用例 ***************
[2020-10-27 16:41:26,286][test_detect_image_faces.py 57][INFO]: *************** 结束执行用例 ***************
[2020-10-27 16:41:26,291][test_detect_image_faces.py 25][INFO]: *************** 开始执行用例 ***************
[2020-10-27 16:41:26,395][test_detect_image_faces.py 57][INFO]: *************** 结束执行用例 ***************
[2020-10-27 16:41:26,400][test_detect_image_faces.py 64][INFO]: *************** 开始执行用例 ***************
[2020-10-27 16:41:26,496][test_detect_image_faces.py 91][INFO]: *************** 结束执行用例 ***************
[2020-10-27 16:41:26,502][test_detect_image_faces.py 64][INFO]: *************** 开始执行用例 ***************
[2020-10-27 16:41:26,600][test_detect_image_faces.py 91][INFO]: *************** 结束执行用例 ***************
[2020-10-27 16:41:26,605][test_detect_image_faces.py 64][INFO]: *************** 开始执行用例 ***************
[2020-10-27 16:41:26,728][test_detect_image_faces.py 91][INFO]: *************** 结束执行用例 ***************
[2020-10-27 16:41:26,733][test_detect_image_faces.py 64][INFO]: *************** 开始执行用例 ***************
[2020-10-27 16:41:26,829][test_detect_image_faces.py 91][INFO]: *************** 结束执行用例 ***************
[2020-10-27 16:41:26,840][test_detect_image_faces.py 64][INFO]: *************** 开始执行用例 ***************
[2020-10-27 16:41:26,955][test_detect_image_faces.py 91][INFO]: *************** 结束执行用例 ***************
[2020-10-27 16:41:26,963][test_detect_image_faces.py 64][INFO]: *************** 开始执行用例 ***************
[2020-10-27 16:41:27,094][test_detect_image_faces.py 91][INFO]: *************** 结束执行用例 ***************
[2020-10-27 16:41:27,102][test_detect_image_faces.py 64][INFO]: *************** 开始执行用例 ***************
[2020-10-27 16:41:27,247][test_detect_image_faces.py 91][INFO]: *************** 结束执行用例 ***************
[2020-10-27 16:41:27,252][test_detect_image_faces.py 64][INFO]: *************** 开始执行用例 ***************
[2020-10-27 16:41:27,362][test_detect_image_faces.py 91][INFO]: *************** 结束执行用例 ***************
[2020-10-27 16:43:02,652][read_data.py 21][INFO]: 加载 G:\work\IMMTestProject\data\api_test_data.yml 文件......
[2020-10-27 16:43:02,667][read_data.py 24][INFO]: 读到数据 ==>>  {'test_detect_image_faces_success': [['test-project', 'oss://imm-test/testcases/test.jpg', '200', True, True, 'oss://imm-test/testcases/test.jpg'], ['test-project', 'oss://imm-test/testcases/test.png', '200', True, True, 'oss://imm-test/testcases/test.png'], ['test-project', 'oss://imm-test/testcases/test.bmp', '200', True, True, 'oss://imm-test/testcases/test.bmp'], ['test-project', 'oss://imm-test/testcases/test.tif', '200', True, True, 'oss://imm-test/testcases/test.tif'], ['test-project', 'oss://imm-test/testcases/test.gif', '200', True, True, 'oss://imm-test/testcases/test.gif']], 'test_detect_image_faces_fail': [['non-exist-project', 'oss://imm-test/testcases/test.jpg', '400', True, False, False, 'project不存在'], ['other-user-project', 'oss://imm-test/testcases/test.jpg', '400', True, False, False, 'project不是当前用户的project'], ['test-project', 'oss://imm-test/testcases', '400', True, False, False, 'ImageUri路径不是图片'], ['test-project', 'oss://aaa/testcases/test.jpg', '400', True, False, False, '当前project不存在的obs'], ['test-project', 'test://imm-test/testcases/test.jpg', '400', True, False, False, 'ImageUri路径格式异常'], ['test-project', 'oss://imm-test/testcases/notexistpic.jpg', '400', True, False, False, 'ImageUri路径图片不存在'], ['test-project', 'oss://imm-test/testcases/test.txt', '400', True, False, False, 'ImageUri不是图片格式'], ['test-project', 'oss://imm-test/testcases/aaa.jpg', '400', True, False, False, '图片异常分析失败']]} 
[2020-10-27 16:43:03,144][test_detect_image_faces.py 25][INFO]: *************** 开始执行用例 ***************
[2020-10-27 16:43:03,405][test_detect_image_faces.py 25][INFO]: *************** 开始执行用例 ***************
[2020-10-27 16:43:03,538][test_detect_image_faces.py 25][INFO]: *************** 开始执行用例 ***************
[2020-10-27 16:43:03,670][test_detect_image_faces.py 25][INFO]: *************** 开始执行用例 ***************
[2020-10-27 16:43:03,901][test_detect_image_faces.py 25][INFO]: *************** 开始执行用例 ***************
[2020-10-27 16:43:04,034][test_detect_image_faces.py 67][INFO]: *************** 开始执行用例 ***************
[2020-10-27 16:43:04,147][test_detect_image_faces.py 94][INFO]: *************** 结束执行用例 ***************
[2020-10-27 16:43:04,151][test_detect_image_faces.py 67][INFO]: *************** 开始执行用例 ***************
[2020-10-27 16:43:04,273][test_detect_image_faces.py 94][INFO]: *************** 结束执行用例 ***************
[2020-10-27 16:43:04,277][test_detect_image_faces.py 67][INFO]: *************** 开始执行用例 ***************
[2020-10-27 16:43:04,382][test_detect_image_faces.py 94][INFO]: *************** 结束执行用例 ***************
[2020-10-27 16:43:04,385][test_detect_image_faces.py 67][INFO]: *************** 开始执行用例 ***************
[2020-10-27 16:43:04,525][test_detect_image_faces.py 94][INFO]: *************** 结束执行用例 ***************
[2020-10-27 16:43:04,529][test_detect_image_faces.py 67][INFO]: *************** 开始执行用例 ***************
[2020-10-27 16:43:04,664][test_detect_image_faces.py 94][INFO]: *************** 结束执行用例 ***************
[2020-10-27 16:43:04,668][test_detect_image_faces.py 67][INFO]: *************** 开始执行用例 ***************
[2020-10-27 16:43:04,799][test_detect_image_faces.py 94][INFO]: *************** 结束执行用例 ***************
[2020-10-27 16:43:04,803][test_detect_image_faces.py 67][INFO]: *************** 开始执行用例 ***************
[2020-10-27 16:43:04,917][test_detect_image_faces.py 94][INFO]: *************** 结束执行用例 ***************
[2020-10-27 16:43:04,921][test_detect_image_faces.py 67][INFO]: *************** 开始执行用例 ***************
[2020-10-27 16:43:05,022][test_detect_image_faces.py 94][INFO]: *************** 结束执行用例 ***************
[2020-10-27 16:45:13,715][read_data.py 21][INFO]: 加载 G:\work\IMMTestProject\data\api_test_data.yml 文件......
[2020-10-27 16:45:13,729][read_data.py 24][INFO]: 读到数据 ==>>  {'test_detect_image_faces_success': [['test-project', 'oss://imm-test/testcases/test.jpg', '200', True, True, 'oss://imm-test/testcases/test.jpg'], ['test-project', 'oss://imm-test/testcases/test.png', '200', True, True, 'oss://imm-test/testcases/test.png'], ['test-project', 'oss://imm-test/testcases/test.bmp', '200', True, True, 'oss://imm-test/testcases/test.bmp'], ['test-project', 'oss://imm-test/testcases/test.tif', '200', True, True, 'oss://imm-test/testcases/test.tif'], ['test-project', 'oss://imm-test/testcases/test.gif', '200', True, True, 'oss://imm-test/testcases/test.gif']], 'test_detect_image_faces_fail': [['non-exist-project', 'oss://imm-test/testcases/test.jpg', '400', True, False, False, 'project不存在'], ['other-user-project', 'oss://imm-test/testcases/test.jpg', '400', True, False, False, 'project不是当前用户的project'], ['test-project', 'oss://imm-test/testcases', '400', True, False, False, 'ImageUri路径不是图片'], ['test-project', 'oss://aaa/testcases/test.jpg', '400', True, False, False, '当前project不存在的obs'], ['test-project', 'test://imm-test/testcases/test.jpg', '400', True, False, False, 'ImageUri路径格式异常'], ['test-project', 'oss://imm-test/testcases/notexistpic.jpg', '400', True, False, False, 'ImageUri路径图片不存在'], ['test-project', 'oss://imm-test/testcases/test.txt', '400', True, False, False, 'ImageUri不是图片格式'], ['test-project', 'oss://imm-test/testcases/aaa.jpg', '400', True, False, False, '图片异常分析失败']]} 
[2020-10-27 16:45:14,222][test_detect_image_faces.py 25][INFO]: *************** 开始执行用例 ***************
[2020-10-27 16:45:14,367][test_detect_image_faces.py 60][INFO]: *************** 结束执行用例 ***************
[2020-10-27 16:45:14,370][test_detect_image_faces.py 25][INFO]: *************** 开始执行用例 ***************
[2020-10-27 16:45:14,498][test_detect_image_faces.py 60][INFO]: *************** 结束执行用例 ***************
[2020-10-27 16:45:14,502][test_detect_image_faces.py 25][INFO]: *************** 开始执行用例 ***************
[2020-10-27 16:45:14,599][test_detect_image_faces.py 60][INFO]: *************** 结束执行用例 ***************
[2020-10-27 16:45:14,603][test_detect_image_faces.py 25][INFO]: *************** 开始执行用例 ***************
[2020-10-27 16:45:14,737][test_detect_image_faces.py 60][INFO]: *************** 结束执行用例 ***************
[2020-10-27 16:45:14,743][test_detect_image_faces.py 25][INFO]: *************** 开始执行用例 ***************
[2020-10-27 16:45:14,861][test_detect_image_faces.py 60][INFO]: *************** 结束执行用例 ***************
[2020-10-27 16:45:14,864][test_detect_image_faces.py 67][INFO]: *************** 开始执行用例 ***************
[2020-10-27 16:45:14,968][test_detect_image_faces.py 94][INFO]: *************** 结束执行用例 ***************
[2020-10-27 16:45:14,972][test_detect_image_faces.py 67][INFO]: *************** 开始执行用例 ***************
[2020-10-27 16:45:15,075][test_detect_image_faces.py 94][INFO]: *************** 结束执行用例 ***************
[2020-10-27 16:45:15,079][test_detect_image_faces.py 67][INFO]: *************** 开始执行用例 ***************
[2020-10-27 16:45:15,186][test_detect_image_faces.py 94][INFO]: *************** 结束执行用例 ***************
[2020-10-27 16:45:15,194][test_detect_image_faces.py 67][INFO]: *************** 开始执行用例 ***************
[2020-10-27 16:45:15,310][test_detect_image_faces.py 94][INFO]: *************** 结束执行用例 ***************
[2020-10-27 16:45:15,313][test_detect_image_faces.py 67][INFO]: *************** 开始执行用例 ***************
[2020-10-27 16:45:15,418][test_detect_image_faces.py 94][INFO]: *************** 结束执行用例 ***************
[2020-10-27 16:45:15,422][test_detect_image_faces.py 67][INFO]: *************** 开始执行用例 ***************
[2020-10-27 16:45:15,520][test_detect_image_faces.py 94][INFO]: *************** 结束执行用例 ***************
[2020-10-27 16:45:15,523][test_detect_image_faces.py 67][INFO]: *************** 开始执行用例 ***************
[2020-10-27 16:45:15,623][test_detect_image_faces.py 94][INFO]: *************** 结束执行用例 ***************
[2020-10-27 16:45:15,627][test_detect_image_faces.py 67][INFO]: *************** 开始执行用例 ***************
[2020-10-27 16:45:15,755][test_detect_image_faces.py 94][INFO]: *************** 结束执行用例 ***************
[2020-10-27 16:49:34,851][read_data.py 21][INFO]: 加载 G:\work\IMMTestProject\data\api_test_data.yml 文件......
[2020-10-27 16:49:34,866][read_data.py 24][INFO]: 读到数据 ==>>  {'test_detect_image_faces_success': [['test-project', 'oss://imm-test/testcases/test.jpg', '200', True, True, 'oss://imm-test/testcases/test.jpg'], ['test-project', 'oss://imm-test/testcases/test.png', '200', True, True, 'oss://imm-test/testcases/test.png'], ['test-project', 'oss://imm-test/testcases/test.bmp', '200', True, True, 'oss://imm-test/testcases/test.bmp'], ['test-project', 'oss://imm-test/testcases/test.tif', '200', True, True, 'oss://imm-test/testcases/test.tif'], ['test-project', 'oss://imm-test/testcases/test.gif', '200', True, True, 'oss://imm-test/testcases/test.gif']], 'test_detect_image_faces_fail': [['non-exist-project', 'oss://imm-test/testcases/test.jpg', '400', True, False, False, 'project不存在'], ['other-user-project', 'oss://imm-test/testcases/test.jpg', '400', True, False, False, 'project不是当前用户的project'], ['test-project', 'oss://imm-test/testcases', '400', True, False, False, 'ImageUri路径不是图片'], ['test-project', 'oss://aaa/testcases/test.jpg', '400', True, False, False, '当前project不存在的obs'], ['test-project', 'test://imm-test/testcases/test.jpg', '400', True, False, False, 'ImageUri路径格式异常'], ['test-project', 'oss://imm-test/testcases/notexistpic.jpg', '400', True, False, False, 'ImageUri路径图片不存在'], ['test-project', 'oss://imm-test/testcases/test.txt', '400', True, False, False, 'ImageUri不是图片格式'], ['test-project', 'oss://imm-test/testcases/aaa.jpg', '400', True, False, False, '图片异常分析失败']]} 
[2020-10-27 16:49:35,403][test_detect_image_faces.py 25][INFO]: *************** 开始执行用例 ***************
[2020-10-27 16:49:35,560][test_detect_image_faces.py 60][INFO]: *************** 结束执行用例 ***************
[2020-10-27 16:49:35,566][test_detect_image_faces.py 25][INFO]: *************** 开始执行用例 ***************
[2020-10-27 16:49:35,671][test_detect_image_faces.py 60][INFO]: *************** 结束执行用例 ***************
[2020-10-27 16:49:35,675][test_detect_image_faces.py 25][INFO]: *************** 开始执行用例 ***************
[2020-10-27 16:49:35,781][test_detect_image_faces.py 60][INFO]: *************** 结束执行用例 ***************
[2020-10-27 16:49:35,792][test_detect_image_faces.py 25][INFO]: *************** 开始执行用例 ***************
[2020-10-27 16:49:35,890][test_detect_image_faces.py 60][INFO]: *************** 结束执行用例 ***************
[2020-10-27 16:49:35,896][test_detect_image_faces.py 25][INFO]: *************** 开始执行用例 ***************
[2020-10-27 16:49:36,013][test_detect_image_faces.py 60][INFO]: *************** 结束执行用例 ***************
[2020-10-27 16:49:36,021][test_detect_image_faces.py 67][INFO]: *************** 开始执行用例 ***************
[2020-10-27 16:49:36,128][test_detect_image_faces.py 94][INFO]: *************** 结束执行用例 ***************
[2020-10-27 16:49:36,132][test_detect_image_faces.py 67][INFO]: *************** 开始执行用例 ***************
[2020-10-27 16:49:36,253][test_detect_image_faces.py 94][INFO]: *************** 结束执行用例 ***************
[2020-10-27 16:49:36,264][test_detect_image_faces.py 67][INFO]: *************** 开始执行用例 ***************
[2020-10-27 16:49:36,372][test_detect_image_faces.py 94][INFO]: *************** 结束执行用例 ***************
[2020-10-27 16:49:36,377][test_detect_image_faces.py 67][INFO]: *************** 开始执行用例 ***************
[2020-10-27 16:49:36,472][test_detect_image_faces.py 94][INFO]: *************** 结束执行用例 ***************
[2020-10-27 16:49:36,476][test_detect_image_faces.py 67][INFO]: *************** 开始执行用例 ***************
[2020-10-27 16:49:36,579][test_detect_image_faces.py 94][INFO]: *************** 结束执行用例 ***************
[2020-10-27 16:49:36,585][test_detect_image_faces.py 67][INFO]: *************** 开始执行用例 ***************
[2020-10-27 16:49:36,689][test_detect_image_faces.py 94][INFO]: *************** 结束执行用例 ***************
[2020-10-27 16:49:36,696][test_detect_image_faces.py 67][INFO]: *************** 开始执行用例 ***************
[2020-10-27 16:49:36,793][test_detect_image_faces.py 94][INFO]: *************** 结束执行用例 ***************
[2020-10-27 16:49:36,800][test_detect_image_faces.py 67][INFO]: *************** 开始执行用例 ***************
[2020-10-27 16:49:36,908][test_detect_image_faces.py 94][INFO]: *************** 结束执行用例 ***************
[2020-10-27 16:53:53,893][read_data.py 21][INFO]: 加载 G:\work\IMMTestProject\data\api_test_data.yml 文件......
[2020-10-27 16:53:53,907][read_data.py 24][INFO]: 读到数据 ==>>  {'test_detect_image_faces_success': [['test-project', 'oss://imm-test/testcases/test.jpg', '200', True, True, 'oss://imm-test/testcases/test.jpg'], ['test-project', 'oss://imm-test/testcases/test.png', '200', True, True, 'oss://imm-test/testcases/test.png'], ['test-project', 'oss://imm-test/testcases/test.bmp', '200', True, True, 'oss://imm-test/testcases/test.bmp'], ['test-project', 'oss://imm-test/testcases/test.tif', '200', True, True, 'oss://imm-test/testcases/test.tif'], ['test-project', 'oss://imm-test/testcases/test.gif', '200', True, True, 'oss://imm-test/testcases/test.gif']], 'test_detect_image_faces_fail': [['non-exist-project', 'oss://imm-test/testcases/test.jpg', '400', True, False, False, 'project不存在'], ['other-user-project', 'oss://imm-test/testcases/test.jpg', '400', True, False, False, 'project不是当前用户的project'], ['test-project', 'oss://imm-test/testcases', '400', True, False, False, 'ImageUri路径不是图片'], ['test-project', 'oss://aaa/testcases/test.jpg', '400', True, False, False, '当前project不存在的obs'], ['test-project', 'test://imm-test/testcases/test.jpg', '400', True, False, False, 'ImageUri路径格式异常'], ['test-project', 'oss://imm-test/testcases/notexistpic.jpg', '400', True, False, False, 'ImageUri路径图片不存在'], ['test-project', 'oss://imm-test/testcases/test.txt', '400', True, False, False, 'ImageUri不是图片格式'], ['test-project', 'oss://imm-test/testcases/aaa.jpg', '400', True, False, False, '图片异常分析失败']]} 
[2020-10-27 16:53:54,395][test_detect_image_faces.py 25][INFO]: *************** 开始执行用例 ***************
[2020-10-27 16:53:54,615][test_detect_image_faces.py 25][INFO]: *************** 开始执行用例 ***************
[2020-10-27 16:53:54,752][test_detect_image_faces.py 25][INFO]: *************** 开始执行用例 ***************
[2020-10-27 16:53:54,877][test_detect_image_faces.py 25][INFO]: *************** 开始执行用例 ***************
[2020-10-27 16:53:55,011][test_detect_image_faces.py 25][INFO]: *************** 开始执行用例 ***************
[2020-10-27 16:53:55,119][test_detect_image_faces.py 67][INFO]: *************** 开始执行用例 ***************
[2020-10-27 16:53:55,231][test_detect_image_faces.py 67][INFO]: *************** 开始执行用例 ***************
[2020-10-27 16:53:55,361][test_detect_image_faces.py 67][INFO]: *************** 开始执行用例 ***************
[2020-10-27 16:53:55,486][test_detect_image_faces.py 67][INFO]: *************** 开始执行用例 ***************
[2020-10-27 16:53:55,623][test_detect_image_faces.py 67][INFO]: *************** 开始执行用例 ***************
[2020-10-27 16:53:55,738][test_detect_image_faces.py 67][INFO]: *************** 开始执行用例 ***************
[2020-10-27 16:53:55,863][test_detect_image_faces.py 67][INFO]: *************** 开始执行用例 ***************
[2020-10-27 16:53:55,992][test_detect_image_faces.py 67][INFO]: *************** 开始执行用例 ***************
[2020-10-27 16:59:06,005][read_data.py 21][INFO]: 加载 G:\work\IMMTestProject\data\api_test_data.yml 文件......
[2020-10-27 16:59:06,019][read_data.py 24][INFO]: 读到数据 ==>>  {'test_detect_image_faces_success': [['test-project', 'oss://imm-test/testcases/test.jpg', '200', True, True, 'oss://imm-test/testcases/test.jpg'], ['test-project', 'oss://imm-test/testcases/test.png', '200', True, True, 'oss://imm-test/testcases/test.png'], ['test-project', 'oss://imm-test/testcases/test.bmp', '200', True, True, 'oss://imm-test/testcases/test.bmp'], ['test-project', 'oss://imm-test/testcases/test.tif', '200', True, True, 'oss://imm-test/testcases/test.tif'], ['test-project', 'oss://imm-test/testcases/test.gif', '200', True, True, 'oss://imm-test/testcases/test.gif']], 'test_detect_image_faces_fail': [['non-exist-project', 'oss://imm-test/testcases/test.jpg', '400', True, False, False, 'project不存在'], ['other-user-project', 'oss://imm-test/testcases/test.jpg', '400', True, False, False, 'project不是当前用户的project'], ['test-project', 'oss://imm-test/testcases', '400', True, False, False, 'ImageUri路径不是图片'], ['test-project', 'oss://aaa/testcases/test.jpg', '400', True, False, False, '当前project不存在的obs'], ['test-project', 'test://imm-test/testcases/test.jpg', '400', True, False, False, 'ImageUri路径格式异常'], ['test-project', 'oss://imm-test/testcases/notexistpic.jpg', '400', True, False, False, 'ImageUri路径图片不存在'], ['test-project', 'oss://imm-test/testcases/test.txt', '400', True, False, False, 'ImageUri不是图片格式'], ['test-project', 'oss://imm-test/testcases/aaa.jpg', '400', True, False, False, '图片异常分析失败']]} 
[2020-10-27 16:59:06,570][test_detect_image_faces.py 25][INFO]: *************** 开始执行用例 ***************
[2020-10-27 16:59:06,816][test_detect_image_faces.py 25][INFO]: *************** 开始执行用例 ***************
[2020-10-27 16:59:06,925][test_detect_image_faces.py 25][INFO]: *************** 开始执行用例 ***************
[2020-10-27 16:59:07,034][test_detect_image_faces.py 25][INFO]: *************** 开始执行用例 ***************
[2020-10-27 16:59:07,134][test_detect_image_faces.py 25][INFO]: *************** 开始执行用例 ***************
[2020-10-27 16:59:07,247][test_detect_image_faces.py 68][INFO]: *************** 开始执行用例 ***************
[2020-10-27 16:59:07,351][test_detect_image_faces.py 68][INFO]: *************** 开始执行用例 ***************
[2020-10-27 16:59:07,454][test_detect_image_faces.py 68][INFO]: *************** 开始执行用例 ***************
[2020-10-27 16:59:07,561][test_detect_image_faces.py 68][INFO]: *************** 开始执行用例 ***************
[2020-10-27 16:59:07,704][test_detect_image_faces.py 68][INFO]: *************** 开始执行用例 ***************
[2020-10-27 16:59:07,816][test_detect_image_faces.py 68][INFO]: *************** 开始执行用例 ***************
[2020-10-27 16:59:07,929][test_detect_image_faces.py 68][INFO]: *************** 开始执行用例 ***************
[2020-10-27 16:59:08,041][test_detect_image_faces.py 68][INFO]: *************** 开始执行用例 ***************
[2020-10-27 17:00:34,672][read_data.py 21][INFO]: 加载 G:\work\IMMTestProject\data\api_test_data.yml 文件......
[2020-10-27 17:00:34,687][read_data.py 24][INFO]: 读到数据 ==>>  {'test_detect_image_faces_success': [['test-project', 'oss://imm-test/testcases/test.jpg', '200', True, True, 'oss://imm-test/testcases/test.jpg'], ['test-project', 'oss://imm-test/testcases/test.png', '200', True, True, 'oss://imm-test/testcases/test.png'], ['test-project', 'oss://imm-test/testcases/test.bmp', '200', True, True, 'oss://imm-test/testcases/test.bmp'], ['test-project', 'oss://imm-test/testcases/test.tif', '200', True, True, 'oss://imm-test/testcases/test.tif'], ['test-project', 'oss://imm-test/testcases/test.gif', '200', True, True, 'oss://imm-test/testcases/test.gif']], 'test_detect_image_faces_fail': [['non-exist-project', 'oss://imm-test/testcases/test.jpg', '400', True, False, False, 'project不存在'], ['other-user-project', 'oss://imm-test/testcases/test.jpg', '400', True, False, False, 'project不是当前用户的project'], ['test-project', 'oss://imm-test/testcases', '400', True, False, False, 'ImageUri路径不是图片'], ['test-project', 'oss://aaa/testcases/test.jpg', '400', True, False, False, '当前project不存在的obs'], ['test-project', 'test://imm-test/testcases/test.jpg', '400', True, False, False, 'ImageUri路径格式异常'], ['test-project', 'oss://imm-test/testcases/notexistpic.jpg', '400', True, False, False, 'ImageUri路径图片不存在'], ['test-project', 'oss://imm-test/testcases/test.txt', '400', True, False, False, 'ImageUri不是图片格式'], ['test-project', 'oss://imm-test/testcases/aaa.jpg', '400', True, False, False, '图片异常分析失败']]} 
[2020-10-27 17:00:35,247][test_detect_image_faces.py 25][INFO]: *************** 开始执行用例 ***************
[2020-10-27 17:00:35,450][test_detect_image_faces.py 25][INFO]: *************** 开始执行用例 ***************
[2020-10-27 17:00:35,564][test_detect_image_faces.py 25][INFO]: *************** 开始执行用例 ***************
[2020-10-27 17:00:35,674][test_detect_image_faces.py 25][INFO]: *************** 开始执行用例 ***************
[2020-10-27 17:00:35,782][test_detect_image_faces.py 25][INFO]: *************** 开始执行用例 ***************
[2020-10-27 17:00:35,896][test_detect_image_faces.py 68][INFO]: *************** 开始执行用例 ***************
[2020-10-27 17:00:36,009][test_detect_image_faces.py 68][INFO]: *************** 开始执行用例 ***************
[2020-10-27 17:00:36,127][test_detect_image_faces.py 68][INFO]: *************** 开始执行用例 ***************
[2020-10-27 17:00:36,232][test_detect_image_faces.py 68][INFO]: *************** 开始执行用例 ***************
[2020-10-27 17:00:36,343][test_detect_image_faces.py 68][INFO]: *************** 开始执行用例 ***************
[2020-10-27 17:00:36,448][test_detect_image_faces.py 68][INFO]: *************** 开始执行用例 ***************
[2020-10-27 17:00:36,562][test_detect_image_faces.py 68][INFO]: *************** 开始执行用例 ***************
[2020-10-27 17:00:36,672][test_detect_image_faces.py 68][INFO]: *************** 开始执行用例 ***************
[2020-10-27 17:42:50,841][read_data.py 21][INFO]: 加载 G:\work\IMMTestProject\data\api_test_data.yml 文件......
[2020-10-27 17:42:50,856][read_data.py 24][INFO]: 读到数据 ==>>  {'test_detect_image_faces_success': [['IMM-Test-Project', 'oss://imm-test/testcases/test.jpg', '200', True, True, 'oss://imm-test/testcases/test.jpg'], ['IMM-Test-Project', 'oss://imm-test/testcases/test.png', '200', True, True, 'oss://imm-test/testcases/test.png'], ['IMM-Test-Project', 'oss://imm-test/testcases/test.bmp', '200', True, True, 'oss://imm-test/testcases/test.bmp'], ['IMM-Test-Project', 'oss://imm-test/testcases/test.tif', '200', True, True, 'oss://imm-test/testcases/test.tif'], ['IMM-Test-Project', 'oss://imm-test/testcases/test.gif', '200', True, True, 'oss://imm-test/testcases/test.gif']], 'test_detect_image_faces_fail': [['non-exist-project', 'oss://imm-test/testcases/test.jpg', '400', True, False, False, 'project不存在'], ['other-user-project', 'oss://imm-test/testcases/test.jpg', '400', True, False, False, 'project不是当前用户的project'], ['IMM-Test-Project', 'oss://imm-test/testcases', '400', True, False, False, 'ImageUri路径不是图片'], ['IMM-Test-Project', 'oss://aaa/testcases/test.jpg', '400', True, False, False, '当前project不存在的obs'], ['IMM-Test-Project', 'test://imm-test/testcases/test.jpg', '400', True, False, False, 'ImageUri路径格式异常'], ['IMM-Test-Project', 'oss://imm-test/testcases/notexistpic.jpg', '400', True, False, False, 'ImageUri路径图片不存在'], ['IMM-Test-Project', 'oss://imm-test/testcases/test.txt', '400', True, False, False, 'ImageUri不是图片格式'], ['IMM-Test-Project', 'oss://imm-test/testcases/aaa.jpg', '400', True, False, False, '图片异常分析失败']]} 
[2020-10-27 17:42:51,364][test_detect_image_faces.py 25][INFO]: *************** 开始执行用例 ***************
[2020-10-27 17:42:51,783][test_detect_image_faces.py 25][INFO]: *************** 开始执行用例 ***************
[2020-10-27 17:42:51,888][test_detect_image_faces.py 25][INFO]: *************** 开始执行用例 ***************
[2020-10-27 17:42:52,000][test_detect_image_faces.py 25][INFO]: *************** 开始执行用例 ***************
[2020-10-27 17:42:52,133][test_detect_image_faces.py 25][INFO]: *************** 开始执行用例 ***************
[2020-10-27 17:42:52,283][test_detect_image_faces.py 67][INFO]: *************** 开始执行用例 ***************
[2020-10-27 17:42:52,419][test_detect_image_faces.py 67][INFO]: *************** 开始执行用例 ***************
[2020-10-27 17:42:52,565][test_detect_image_faces.py 67][INFO]: *************** 开始执行用例 ***************
[2020-10-27 17:42:52,798][test_detect_image_faces.py 67][INFO]: *************** 开始执行用例 ***************
[2020-10-27 17:42:52,914][test_detect_image_faces.py 67][INFO]: *************** 开始执行用例 ***************
[2020-10-27 17:42:53,027][test_detect_image_faces.py 67][INFO]: *************** 开始执行用例 ***************
[2020-10-27 17:42:53,147][test_detect_image_faces.py 67][INFO]: *************** 开始执行用例 ***************
[2020-10-27 17:42:53,283][test_detect_image_faces.py 67][INFO]: *************** 开始执行用例 ***************
[2020-10-27 18:14:03,783][read_data.py 21][INFO]: 加载 G:\work\IMMTestProject\data\api_test_data.yml 文件......
[2020-10-27 18:14:03,798][read_data.py 24][INFO]: 读到数据 ==>>  {'test_detect_image_faces_success': [['IMM-Test-Project', 'oss://peter-test666/imm-test/testcases/item01.jpg', '200', True, True, 'oss://peter-test666/imm-test/testcases/item01.jpg'], ['IMM-Test-Project', 'oss://peter-test666/imm-test/testcases/item03.png', '200', True, True, 'oss://peter-test666/imm-test/testcases/item02.png'], ['IMM-Test-Project', 'oss://peter-test666/imm-test/testcases/item02.bmp', '200', True, True, 'oss://peter-test666/imm-test/testcases/item03.bmp'], ['IMM-Test-Project', 'oss://peter-test666/imm-test/testcases/item04.tif', '200', True, True, 'oss://peter-test666/imm-test/testcases/item04.tif'], ['IMM-Test-Project', 'oss://peter-test666/imm-test/testcases/item05.gif', '200', True, True, 'oss://peter-test666/imm-test/testcases/item05.gif']], 'test_detect_image_faces_fail': [['non-exist-project', 'oss://peter-test666/imm-test/testcases/item01.jpg', '400', True, False, False, 'project不存在'], ['other-user-project', 'oss://peter-test666/imm-test/testcases/item01.jpg', '400', True, False, False, 'project不是当前用户的project'], ['IMM-Test-Project', 'oss://peter-test666/imm-test/testcases/', '400', True, False, False, 'ImageUri路径不是图片'], ['IMM-Test-Project', 'oss://peter-test111/imm-test/testcases/item01.jpg', '400', True, False, False, '当前project不存在的obs'], ['IMM-Test-Project', 'test://peter-test666/imm-test/testcases/item01.jpg', '400', True, False, False, 'ImageUri路径格式异常'], ['IMM-Test-Project', 'oss://peter-test666/imm-test/testcases/notexistpic.jpg', '400', True, False, False, 'ImageUri路径图片不存在'], ['IMM-Test-Project', 'oss://peter-test666/imm-test/testcases/test.txt', '400', True, False, False, 'ImageUri不是图片格式'], ['IMM-Test-Project', 'oss://peter-test666/imm-test/testcases/aaa.jpg', '400', True, False, False, '图片异常分析失败']]} 
[2020-10-27 18:14:04,230][test_detect_image_faces.py 25][INFO]: *************** 开始执行用例 ***************
[2020-10-27 18:14:05,350][test_detect_image_faces.py 25][INFO]: *************** 开始执行用例 ***************
[2020-10-27 18:14:05,876][test_detect_image_faces.py 25][INFO]: *************** 开始执行用例 ***************
[2020-10-27 18:14:06,031][test_detect_image_faces.py 25][INFO]: *************** 开始执行用例 ***************
[2020-10-27 18:14:06,139][test_detect_image_faces.py 25][INFO]: *************** 开始执行用例 ***************
[2020-10-27 18:14:06,278][test_detect_image_faces.py 67][INFO]: *************** 开始执行用例 ***************
[2020-10-27 18:14:06,417][test_detect_image_faces.py 67][INFO]: *************** 开始执行用例 ***************
[2020-10-27 18:14:06,534][test_detect_image_faces.py 67][INFO]: *************** 开始执行用例 ***************
[2020-10-27 18:14:06,807][test_detect_image_faces.py 67][INFO]: *************** 开始执行用例 ***************
[2020-10-27 18:14:06,913][test_detect_image_faces.py 67][INFO]: *************** 开始执行用例 ***************
[2020-10-27 18:14:07,061][test_detect_image_faces.py 67][INFO]: *************** 开始执行用例 ***************
[2020-10-27 18:14:07,180][test_detect_image_faces.py 67][INFO]: *************** 开始执行用例 ***************
[2020-10-27 18:14:07,452][test_detect_image_faces.py 67][INFO]: *************** 开始执行用例 ***************
[2020-10-27 18:19:38,202][read_data.py 21][INFO]: 加载 G:\work\IMMTestProject\data\api_test_data.yml 文件......
[2020-10-27 18:19:38,217][read_data.py 24][INFO]: 读到数据 ==>>  {'test_detect_image_faces_success': [['IMM-Test-Project', 'oss://peter-test666/imm-test/testcases/item01.jpg', '200', True, True, 'oss://peter-test666/imm-test/testcases/item01.jpg'], ['IMM-Test-Project', 'oss://peter-test666/imm-test/testcases/item03.png', '200', True, True, 'oss://peter-test666/imm-test/testcases/item02.png'], ['IMM-Test-Project', 'oss://peter-test666/imm-test/testcases/item02.bmp', '200', True, True, 'oss://peter-test666/imm-test/testcases/item03.bmp'], ['IMM-Test-Project', 'oss://peter-test666/imm-test/testcases/item04.tif', '200', True, True, 'oss://peter-test666/imm-test/testcases/item04.tif'], ['IMM-Test-Project', 'oss://peter-test666/imm-test/testcases/item05.gif', '200', True, True, 'oss://peter-test666/imm-test/testcases/item05.gif']], 'test_detect_image_faces_fail': [['non-exist-project', 'oss://peter-test666/imm-test/testcases/item01.jpg', '400', True, False, False, 'project不存在'], ['other-user-project', 'oss://peter-test666/imm-test/testcases/item01.jpg', '400', True, False, False, 'project不是当前用户的project'], ['IMM-Test-Project', 'oss://peter-test666/imm-test/testcases/', '400', True, False, False, 'ImageUri路径不是图片'], ['IMM-Test-Project', 'oss://peter-test111/imm-test/testcases/item01.jpg', '400', True, False, False, '当前project不存在的obs'], ['IMM-Test-Project', 'test://peter-test666/imm-test/testcases/item01.jpg', '400', True, False, False, 'ImageUri路径格式异常'], ['IMM-Test-Project', 'oss://peter-test666/imm-test/testcases/notexistpic.jpg', '400', True, False, False, 'ImageUri路径图片不存在'], ['IMM-Test-Project', 'oss://peter-test666/imm-test/testcases/test.txt', '400', True, False, False, 'ImageUri不是图片格式'], ['IMM-Test-Project', 'oss://peter-test666/imm-test/testcases/aaa.jpg', '400', True, False, False, '图片异常分析失败']]} 
[2020-10-27 18:19:38,715][test_detect_image_faces.py 25][INFO]: *************** 开始执行用例 ***************
[2020-10-27 18:19:39,341][test_detect_image_faces.py 25][INFO]: *************** 开始执行用例 ***************
[2020-10-27 18:19:39,753][test_detect_image_faces.py 25][INFO]: *************** 开始执行用例 ***************
[2020-10-27 18:19:39,859][test_detect_image_faces.py 25][INFO]: *************** 开始执行用例 ***************
[2020-10-27 18:19:39,996][test_detect_image_faces.py 25][INFO]: *************** 开始执行用例 ***************
[2020-10-27 18:19:40,110][test_detect_image_faces.py 69][INFO]: *************** 开始执行用例 ***************
[2020-10-27 18:19:40,224][test_detect_image_faces.py 69][INFO]: *************** 开始执行用例 ***************
[2020-10-27 18:19:40,345][test_detect_image_faces.py 69][INFO]: *************** 开始执行用例 ***************
[2020-10-27 18:19:40,604][test_detect_image_faces.py 69][INFO]: *************** 开始执行用例 ***************
[2020-10-27 18:19:40,727][test_detect_image_faces.py 69][INFO]: *************** 开始执行用例 ***************
[2020-10-27 18:19:40,855][test_detect_image_faces.py 69][INFO]: *************** 开始执行用例 ***************
[2020-10-27 18:19:40,996][test_detect_image_faces.py 69][INFO]: *************** 开始执行用例 ***************
[2020-10-27 18:19:41,109][test_detect_image_faces.py 69][INFO]: *************** 开始执行用例 ***************
[2020-10-27 18:40:57,482][read_data.py 21][INFO]: 加载 G:\work\IMMTestProject\data\api_test_data.yml 文件......
[2020-10-27 18:40:57,497][read_data.py 24][INFO]: 读到数据 ==>>  {'test_detect_image_faces_success': [['IMM-Test-Project', 'oss://peter-test666/imm-test/testcases/item01.jpg', '200', True, True, 'oss://peter-test666/imm-test/testcases/item01.jpg'], ['IMM-Test-Project', 'oss://peter-test666/imm-test/testcases/item02.bmp', '200', True, True, 'oss://peter-test666/imm-test/testcases/item02.png'], ['IMM-Test-Project', 'oss://peter-test666/imm-test/testcases/item03.png', '200', True, True, 'oss://peter-test666/imm-test/testcases/item03.bmp'], ['IMM-Test-Project', 'oss://peter-test666/imm-test/testcases/item04.tif', '200', True, True, 'oss://peter-test666/imm-test/testcases/item04.tif'], ['IMM-Test-Project', 'oss://peter-test666/imm-test/testcases/item05.gif', '200', True, True, 'oss://peter-test666/imm-test/testcases/item05.gif']], 'test_detect_image_faces_fail': [['non-exist-project', 'oss://peter-test666/imm-test/testcases/item01.jpg', '400', True, False, False, 'project不存在'], ['other-user-project', 'oss://peter-test666/imm-test/testcases/item01.jpg', '400', True, False, False, 'project不是当前用户的project'], ['IMM-Test-Project', 'oss://peter-test666/imm-test/testcases/', '400', True, False, False, 'ImageUri路径不是图片'], ['IMM-Test-Project', 'oss://peter-test111/imm-test/testcases/item01.jpg', '400', True, False, False, '当前project不存在的obs'], ['IMM-Test-Project', 'test://peter-test666/imm-test/testcases/item01.jpg', '400', True, False, False, 'ImageUri路径格式异常'], ['IMM-Test-Project', 'oss://peter-test666/imm-test/testcases/notexistpic.jpg', '400', True, False, False, 'ImageUri路径图片不存在'], ['IMM-Test-Project', 'oss://peter-test666/imm-test/testcases/test.txt', '400', True, False, False, 'ImageUri不是图片格式'], ['IMM-Test-Project', 'oss://peter-test666/imm-test/testcases/aaa.jpg', '400', True, False, False, '图片异常分析失败']]} 
[2020-10-27 18:40:58,004][test_detect_image_faces.py 25][INFO]: *************** 开始执行用例 ***************
[2020-10-27 18:40:59,557][test_detect_image_faces.py 25][INFO]: *************** 开始执行用例 ***************
[2020-10-27 18:40:59,905][test_detect_image_faces.py 25][INFO]: *************** 开始执行用例 ***************
[2020-10-27 18:41:00,016][test_detect_image_faces.py 25][INFO]: *************** 开始执行用例 ***************
[2020-10-27 18:41:00,120][test_detect_image_faces.py 25][INFO]: *************** 开始执行用例 ***************
[2020-10-27 18:41:00,228][test_detect_image_faces.py 69][INFO]: *************** 开始执行用例 ***************
[2020-10-27 18:41:00,378][test_detect_image_faces.py 69][INFO]: *************** 开始执行用例 ***************
[2020-10-27 18:41:00,492][test_detect_image_faces.py 69][INFO]: *************** 开始执行用例 ***************
[2020-10-27 18:41:00,677][test_detect_image_faces.py 69][INFO]: *************** 开始执行用例 ***************
[2020-10-27 18:41:00,826][test_detect_image_faces.py 69][INFO]: *************** 开始执行用例 ***************
[2020-10-27 18:41:00,975][test_detect_image_faces.py 69][INFO]: *************** 开始执行用例 ***************
[2020-10-27 18:41:01,114][test_detect_image_faces.py 69][INFO]: *************** 开始执行用例 ***************
[2020-10-27 18:41:01,232][test_detect_image_faces.py 69][INFO]: *************** 开始执行用例 ***************
[2020-10-27 18:42:13,827][read_data.py 21][INFO]: 加载 G:\work\IMMTestProject\data\api_test_data.yml 文件......
[2020-10-27 18:42:13,841][read_data.py 24][INFO]: 读到数据 ==>>  {'test_detect_image_faces_success': [['IMM-Test-Project', 'oss://peter-test666/imm-test/testcases/item01.jpg', '200', True, True, 'oss://peter-test666/imm-test/testcases/item01.jpg'], ['IMM-Test-Project', 'oss://peter-test666/imm-test/testcases/item02.bmp', '200', True, True, 'oss://peter-test666/imm-test/testcases/item02.png'], ['IMM-Test-Project', 'oss://peter-test666/imm-test/testcases/item03.png', '200', True, True, 'oss://peter-test666/imm-test/testcases/item03.bmp'], ['IMM-Test-Project', 'oss://peter-test666/imm-test/testcases/item04.tif', '200', True, True, 'oss://peter-test666/imm-test/testcases/item04.tif'], ['IMM-Test-Project', 'oss://peter-test666/imm-test/testcases/item05.gif', '200', True, True, 'oss://peter-test666/imm-test/testcases/item05.gif']], 'test_detect_image_faces_fail': [['non-exist-project', 'oss://peter-test666/imm-test/testcases/item01.jpg', '400', True, False, False, 'project不存在'], ['other-user-project', 'oss://peter-test666/imm-test/testcases/item01.jpg', '400', True, False, False, 'project不是当前用户的project'], ['IMM-Test-Project', 'oss://peter-test666/imm-test/testcases/', '400', True, False, False, 'ImageUri路径不是图片'], ['IMM-Test-Project', 'oss://peter-test111/imm-test/testcases/item01.jpg', '400', True, False, False, '当前project不存在的obs'], ['IMM-Test-Project', 'test://peter-test666/imm-test/testcases/item01.jpg', '400', True, False, False, 'ImageUri路径格式异常'], ['IMM-Test-Project', 'oss://peter-test666/imm-test/testcases/notexistpic.jpg', '400', True, False, False, 'ImageUri路径图片不存在'], ['IMM-Test-Project', 'oss://peter-test666/imm-test/testcases/test.txt', '400', True, False, False, 'ImageUri不是图片格式'], ['IMM-Test-Project', 'oss://peter-test666/imm-test/testcases/aaa.jpg', '400', True, False, False, '图片异常分析失败']]} 
[2020-10-27 18:42:14,327][test_detect_image_faces.py 25][INFO]: *************** 开始执行用例 ***************
[2020-10-27 18:42:14,901][test_detect_image_faces.py 25][INFO]: *************** 开始执行用例 ***************
[2020-10-27 18:42:15,010][test_detect_image_faces.py 25][INFO]: *************** 开始执行用例 ***************
[2020-10-27 18:42:15,115][test_detect_image_faces.py 25][INFO]: *************** 开始执行用例 ***************
[2020-10-27 18:42:15,222][test_detect_image_faces.py 25][INFO]: *************** 开始执行用例 ***************
[2020-10-27 18:42:15,670][test_detect_image_faces.py 69][INFO]: *************** 开始执行用例 ***************
[2020-10-27 18:42:15,797][test_detect_image_faces.py 69][INFO]: *************** 开始执行用例 ***************
[2020-10-27 18:42:15,924][test_detect_image_faces.py 69][INFO]: *************** 开始执行用例 ***************
[2020-10-27 18:42:16,041][test_detect_image_faces.py 69][INFO]: *************** 开始执行用例 ***************
[2020-10-27 18:42:16,150][test_detect_image_faces.py 69][INFO]: *************** 开始执行用例 ***************
[2020-10-27 18:42:16,281][test_detect_image_faces.py 69][INFO]: *************** 开始执行用例 ***************
[2020-10-27 18:42:16,535][test_detect_image_faces.py 69][INFO]: *************** 开始执行用例 ***************
[2020-10-27 18:42:16,654][test_detect_image_faces.py 69][INFO]: *************** 开始执行用例 ***************
[2020-10-27 18:58:44,332][read_data.py 21][INFO]: 加载 G:\work\IMMTestProject\data\api_test_data.yml 文件......
[2020-10-27 18:58:44,349][read_data.py 24][INFO]: 读到数据 ==>>  {'test_detect_image_faces_success': [['IMM-Test-Project', 'oss://peter-test666/imm-test/testcases/item01.jpg', '200', True, True, 'oss://peter-test666/imm-test/testcases/item01.jpg'], ['IMM-Test-Project', 'oss://peter-test666/imm-test/testcases/item02.bmp', '200', True, True, 'oss://peter-test666/imm-test/testcases/item02.png'], ['IMM-Test-Project', 'oss://peter-test666/imm-test/testcases/item03.png', '200', True, True, 'oss://peter-test666/imm-test/testcases/item03.bmp'], ['IMM-Test-Project', 'oss://peter-test666/imm-test/testcases/item04.tif', '200', True, True, 'oss://peter-test666/imm-test/testcases/item04.tif'], ['IMM-Test-Project', 'oss://peter-test666/imm-test/testcases/item05.gif', '200', True, True, 'oss://peter-test666/imm-test/testcases/item05.gif']], 'test_detect_image_faces_fail': [['non-exist-project', 'oss://peter-test666/imm-test/testcases/item01.jpg', '400', True, False, False, 'project不存在'], ['other-user-project', 'oss://peter-test666/imm-test/testcases/item01.jpg', '400', True, False, False, 'project不是当前用户的project'], ['IMM-Test-Project', 'oss://peter-test666/imm-test/testcases/', '400', True, False, False, 'ImageUri路径不是图片'], ['IMM-Test-Project', 'oss://peter-test111/imm-test/testcases/item01.jpg', '400', True, False, False, '当前project不存在的obs'], ['IMM-Test-Project', 'test://peter-test666/imm-test/testcases/item01.jpg', '400', True, False, False, 'ImageUri路径格式异常'], ['IMM-Test-Project', 'oss://peter-test666/imm-test/testcases/notexistpic.jpg', '400', True, False, False, 'ImageUri路径图片不存在'], ['IMM-Test-Project', 'oss://peter-test666/imm-test/testcases/test.txt', '400', True, False, False, 'ImageUri不是图片格式'], ['IMM-Test-Project', 'oss://peter-test666/imm-test/testcases/aaa.jpg', '400', True, False, False, '图片异常分析失败']]} 
[2020-10-27 18:58:44,868][test_detect_image_faces.py 25][INFO]: *************** 开始执行用例 ***************
[2020-10-27 18:58:45,368][test_detect_image_faces.py 25][INFO]: *************** 开始执行用例 ***************
[2020-10-27 18:58:45,854][test_detect_image_faces.py 25][INFO]: *************** 开始执行用例 ***************
[2020-10-27 18:58:45,979][test_detect_image_faces.py 25][INFO]: *************** 开始执行用例 ***************
[2020-10-27 18:58:46,098][test_detect_image_faces.py 25][INFO]: *************** 开始执行用例 ***************
[2020-10-27 18:58:46,211][test_detect_image_faces.py 69][INFO]: *************** 开始执行用例 ***************
[2020-10-27 18:58:46,345][test_detect_image_faces.py 69][INFO]: *************** 开始执行用例 ***************
[2020-10-27 18:58:46,470][test_detect_image_faces.py 69][INFO]: *************** 开始执行用例 ***************
[2020-10-27 18:58:46,647][test_detect_image_faces.py 69][INFO]: *************** 开始执行用例 ***************
[2020-10-27 18:58:46,783][test_detect_image_faces.py 69][INFO]: *************** 开始执行用例 ***************
[2020-10-27 18:58:46,918][test_detect_image_faces.py 69][INFO]: *************** 开始执行用例 ***************
[2020-10-27 18:58:47,052][test_detect_image_faces.py 69][INFO]: *************** 开始执行用例 ***************
[2020-10-27 18:58:47,179][test_detect_image_faces.py 69][INFO]: *************** 开始执行用例 ***************
[2020-10-27 18:59:52,842][read_data.py 21][INFO]: 加载 G:\work\IMMTestProject\data\api_test_data.yml 文件......
[2020-10-27 18:59:52,856][read_data.py 24][INFO]: 读到数据 ==>>  {'test_detect_image_faces_success': [['IMM-Test-Project', 'oss://peter-test666/imm-test/testcases/item01.jpg', '200', True, True, 'oss://peter-test666/imm-test/testcases/item01.jpg'], ['IMM-Test-Project', 'oss://peter-test666/imm-test/testcases/item02.bmp', '200', True, True, 'oss://peter-test666/imm-test/testcases/item02.png'], ['IMM-Test-Project', 'oss://peter-test666/imm-test/testcases/item03.png', '200', True, True, 'oss://peter-test666/imm-test/testcases/item03.bmp'], ['IMM-Test-Project', 'oss://peter-test666/imm-test/testcases/item04.tif', '200', True, True, 'oss://peter-test666/imm-test/testcases/item04.tif'], ['IMM-Test-Project', 'oss://peter-test666/imm-test/testcases/item05.gif', '200', True, True, 'oss://peter-test666/imm-test/testcases/item05.gif']], 'test_detect_image_faces_fail': [['non-exist-project', 'oss://peter-test666/imm-test/testcases/item01.jpg', '400', True, False, False, 'project不存在'], ['other-user-project', 'oss://peter-test666/imm-test/testcases/item01.jpg', '400', True, False, False, 'project不是当前用户的project'], ['IMM-Test-Project', 'oss://peter-test666/imm-test/testcases/', '400', True, False, False, 'ImageUri路径不是图片'], ['IMM-Test-Project', 'oss://peter-test111/imm-test/testcases/item01.jpg', '400', True, False, False, '当前project不存在的obs'], ['IMM-Test-Project', 'test://peter-test666/imm-test/testcases/item01.jpg', '400', True, False, False, 'ImageUri路径格式异常'], ['IMM-Test-Project', 'oss://peter-test666/imm-test/testcases/notexistpic.jpg', '400', True, False, False, 'ImageUri路径图片不存在'], ['IMM-Test-Project', 'oss://peter-test666/imm-test/testcases/test.txt', '400', True, False, False, 'ImageUri不是图片格式'], ['IMM-Test-Project', 'oss://peter-test666/imm-test/testcases/aaa.jpg', '400', True, False, False, '图片异常分析失败']]} 
[2020-10-27 18:59:53,348][test_detect_image_faces.py 25][INFO]: *************** 开始执行用例 ***************
[2020-10-27 18:59:54,183][test_detect_image_faces.py 25][INFO]: *************** 开始执行用例 ***************
[2020-10-27 18:59:54,293][test_detect_image_faces.py 25][INFO]: *************** 开始执行用例 ***************
[2020-10-27 18:59:54,931][test_detect_image_faces.py 25][INFO]: *************** 开始执行用例 ***************
[2020-10-27 18:59:55,073][test_detect_image_faces.py 25][INFO]: *************** 开始执行用例 ***************
[2020-10-27 18:59:55,190][test_detect_image_faces.py 70][INFO]: *************** 开始执行用例 ***************
[2020-10-27 18:59:55,312][test_detect_image_faces.py 70][INFO]: *************** 开始执行用例 ***************
[2020-10-27 18:59:55,421][test_detect_image_faces.py 70][INFO]: *************** 开始执行用例 ***************
[2020-10-27 18:59:55,657][test_detect_image_faces.py 70][INFO]: *************** 开始执行用例 ***************
[2020-10-27 18:59:55,800][test_detect_image_faces.py 70][INFO]: *************** 开始执行用例 ***************
[2020-10-27 18:59:55,917][test_detect_image_faces.py 70][INFO]: *************** 开始执行用例 ***************
[2020-10-27 18:59:56,038][test_detect_image_faces.py 70][INFO]: *************** 开始执行用例 ***************
[2020-10-27 18:59:56,142][test_detect_image_faces.py 70][INFO]: *************** 开始执行用例 ***************
[2020-10-27 19:04:16,463][read_data.py 21][INFO]: 加载 G:\work\IMMTestProject\data\api_test_data.yml 文件......
[2020-10-27 19:04:16,478][read_data.py 24][INFO]: 读到数据 ==>>  {'test_detect_image_faces_success': [['IMM-Test-Project', 'oss://peter-test666/imm-test/testcases/item01.jpg', '200', True, True, 'oss://peter-test666/imm-test/testcases/item01.jpg'], ['IMM-Test-Project', 'oss://peter-test666/imm-test/testcases/item02.bmp', '200', True, True, 'oss://peter-test666/imm-test/testcases/item02.png'], ['IMM-Test-Project', 'oss://peter-test666/imm-test/testcases/item03.png', '200', True, True, 'oss://peter-test666/imm-test/testcases/item03.bmp'], ['IMM-Test-Project', 'oss://peter-test666/imm-test/testcases/item04.tif', '200', True, True, 'oss://peter-test666/imm-test/testcases/item04.tif'], ['IMM-Test-Project', 'oss://peter-test666/imm-test/testcases/item05.gif', '200', True, True, 'oss://peter-test666/imm-test/testcases/item05.gif']], 'test_detect_image_faces_fail': [['non-exist-project', 'oss://peter-test666/imm-test/testcases/item01.jpg', '400', True, False, False, 'project不存在'], ['other-user-project', 'oss://peter-test666/imm-test/testcases/item01.jpg', '400', True, False, False, 'project不是当前用户的project'], ['IMM-Test-Project', 'oss://peter-test666/imm-test/testcases/', '400', True, False, False, 'ImageUri路径不是图片'], ['IMM-Test-Project', 'oss://peter-test111/imm-test/testcases/item01.jpg', '400', True, False, False, '当前project不存在的obs'], ['IMM-Test-Project', 'test://peter-test666/imm-test/testcases/item01.jpg', '400', True, False, False, 'ImageUri路径格式异常'], ['IMM-Test-Project', 'oss://peter-test666/imm-test/testcases/notexistpic.jpg', '400', True, False, False, 'ImageUri路径图片不存在'], ['IMM-Test-Project', 'oss://peter-test666/imm-test/testcases/test.txt', '400', True, False, False, 'ImageUri不是图片格式'], ['IMM-Test-Project', 'oss://peter-test666/imm-test/testcases/aaa.jpg', '400', True, False, False, '图片异常分析失败']]} 
[2020-10-27 19:04:16,966][test_detect_image_faces.py 25][INFO]: *************** 开始执行用例 ***************
[2020-10-27 19:04:17,561][test_detect_image_faces.py 25][INFO]: *************** 开始执行用例 ***************
[2020-10-27 19:04:18,179][test_detect_image_faces.py 25][INFO]: *************** 开始执行用例 ***************
[2020-10-27 19:04:18,311][test_detect_image_faces.py 25][INFO]: *************** 开始执行用例 ***************
[2020-10-27 19:04:18,891][test_detect_image_faces.py 25][INFO]: *************** 开始执行用例 ***************
[2020-10-27 19:04:19,021][test_detect_image_faces.py 71][INFO]: *************** 开始执行用例 ***************
[2020-10-27 19:04:19,142][test_detect_image_faces.py 71][INFO]: *************** 开始执行用例 ***************
[2020-10-27 19:04:19,261][test_detect_image_faces.py 71][INFO]: *************** 开始执行用例 ***************
[2020-10-27 19:04:19,437][test_detect_image_faces.py 71][INFO]: *************** 开始执行用例 ***************
[2020-10-27 19:04:19,558][test_detect_image_faces.py 71][INFO]: *************** 开始执行用例 ***************
[2020-10-27 19:04:19,694][test_detect_image_faces.py 71][INFO]: *************** 开始执行用例 ***************
[2020-10-27 19:04:19,805][test_detect_image_faces.py 71][INFO]: *************** 开始执行用例 ***************
[2020-10-27 19:04:19,905][test_detect_image_faces.py 71][INFO]: *************** 开始执行用例 ***************
[2020-10-27 19:05:44,851][read_data.py 21][INFO]: 加载 G:\work\IMMTestProject\data\api_test_data.yml 文件......
[2020-10-27 19:05:44,867][read_data.py 24][INFO]: 读到数据 ==>>  {'test_detect_image_faces_success': [['IMM-Test-Project', 'oss://peter-test666/imm-test/testcases/item01.jpg', '200', True, True, 'oss://peter-test666/imm-test/testcases/item01.jpg'], ['IMM-Test-Project', 'oss://peter-test666/imm-test/testcases/item02.bmp', '200', True, True, 'oss://peter-test666/imm-test/testcases/item02.png'], ['IMM-Test-Project', 'oss://peter-test666/imm-test/testcases/item03.png', '200', True, True, 'oss://peter-test666/imm-test/testcases/item03.bmp'], ['IMM-Test-Project', 'oss://peter-test666/imm-test/testcases/item04.tif', '200', True, True, 'oss://peter-test666/imm-test/testcases/item04.tif'], ['IMM-Test-Project', 'oss://peter-test666/imm-test/testcases/item05.gif', '200', True, True, 'oss://peter-test666/imm-test/testcases/item05.gif']], 'test_detect_image_faces_fail': [['non-exist-project', 'oss://peter-test666/imm-test/testcases/item01.jpg', '400', True, False, False, 'project不存在'], ['other-user-project', 'oss://peter-test666/imm-test/testcases/item01.jpg', '400', True, False, False, 'project不是当前用户的project'], ['IMM-Test-Project', 'oss://peter-test666/imm-test/testcases/', '400', True, False, False, 'ImageUri路径不是图片'], ['IMM-Test-Project', 'oss://peter-test111/imm-test/testcases/item01.jpg', '400', True, False, False, '当前project不存在的obs'], ['IMM-Test-Project', 'test://peter-test666/imm-test/testcases/item01.jpg', '400', True, False, False, 'ImageUri路径格式异常'], ['IMM-Test-Project', 'oss://peter-test666/imm-test/testcases/notexistpic.jpg', '400', True, False, False, 'ImageUri路径图片不存在'], ['IMM-Test-Project', 'oss://peter-test666/imm-test/testcases/test.txt', '400', True, False, False, 'ImageUri不是图片格式'], ['IMM-Test-Project', 'oss://peter-test666/imm-test/testcases/aaa.jpg', '400', True, False, False, '图片异常分析失败']]} 
[2020-10-27 19:05:45,376][test_detect_image_faces.py 25][INFO]: *************** 开始执行用例 ***************
[2020-10-27 19:05:46,143][test_detect_image_faces.py 25][INFO]: *************** 开始执行用例 ***************
[2020-10-27 19:05:46,829][test_detect_image_faces.py 25][INFO]: *************** 开始执行用例 ***************
[2020-10-27 19:05:46,943][test_detect_image_faces.py 25][INFO]: *************** 开始执行用例 ***************
[2020-10-27 19:05:47,050][test_detect_image_faces.py 25][INFO]: *************** 开始执行用例 ***************
[2020-10-27 19:05:47,184][test_detect_image_faces.py 71][INFO]: *************** 开始执行用例 ***************
[2020-10-27 19:05:47,338][test_detect_image_faces.py 71][INFO]: *************** 开始执行用例 ***************
[2020-10-27 19:05:47,452][test_detect_image_faces.py 71][INFO]: *************** 开始执行用例 ***************
[2020-10-27 19:05:47,802][test_detect_image_faces.py 71][INFO]: *************** 开始执行用例 ***************
[2020-10-27 19:05:47,923][test_detect_image_faces.py 71][INFO]: *************** 开始执行用例 ***************
[2020-10-27 19:05:48,043][test_detect_image_faces.py 71][INFO]: *************** 开始执行用例 ***************
[2020-10-27 19:05:48,153][test_detect_image_faces.py 71][INFO]: *************** 开始执行用例 ***************
[2020-10-27 19:05:48,284][test_detect_image_faces.py 71][INFO]: *************** 开始执行用例 ***************
[2020-10-27 19:08:26,948][read_data.py 21][INFO]: 加载 G:\work\IMMTestProject\data\api_test_data.yml 文件......
[2020-10-27 19:08:26,963][read_data.py 24][INFO]: 读到数据 ==>>  {'test_detect_image_faces_success': [['IMM-Test-Project', 'oss://peter-test666/imm-test/testcases/item01.jpg', '200', True, True, 'oss://peter-test666/imm-test/testcases/item01.jpg'], ['IMM-Test-Project', 'oss://peter-test666/imm-test/testcases/item02.bmp', '200', True, True, 'oss://peter-test666/imm-test/testcases/item02.png'], ['IMM-Test-Project', 'oss://peter-test666/imm-test/testcases/item03.png', '200', True, True, 'oss://peter-test666/imm-test/testcases/item03.bmp'], ['IMM-Test-Project', 'oss://peter-test666/imm-test/testcases/item04.tif', '200', True, True, 'oss://peter-test666/imm-test/testcases/item04.tif'], ['IMM-Test-Project', 'oss://peter-test666/imm-test/testcases/item05.gif', '200', True, True, 'oss://peter-test666/imm-test/testcases/item05.gif']], 'test_detect_image_faces_fail': [['non-exist-project', 'oss://peter-test666/imm-test/testcases/item01.jpg', '400', True, False, False, 'project不存在'], ['other-user-project', 'oss://peter-test666/imm-test/testcases/item01.jpg', '400', True, False, False, 'project不是当前用户的project'], ['IMM-Test-Project', 'oss://peter-test666/imm-test/testcases/', '400', True, False, False, 'ImageUri路径不是图片'], ['IMM-Test-Project', 'oss://peter-test111/imm-test/testcases/item01.jpg', '400', True, False, False, '当前project不存在的obs'], ['IMM-Test-Project', 'test://peter-test666/imm-test/testcases/item01.jpg', '400', True, False, False, 'ImageUri路径格式异常'], ['IMM-Test-Project', 'oss://peter-test666/imm-test/testcases/notexistpic.jpg', '400', True, False, False, 'ImageUri路径图片不存在'], ['IMM-Test-Project', 'oss://peter-test666/imm-test/testcases/test.txt', '400', True, False, False, 'ImageUri不是图片格式'], ['IMM-Test-Project', 'oss://peter-test666/imm-test/testcases/aaa.jpg', '400', True, False, False, '图片异常分析失败']]} 
[2020-10-27 19:08:27,479][test_detect_image_faces.py 26][INFO]: *************** 开始执行用例 ***************
[2020-10-27 19:08:28,103][test_detect_image_faces.py 26][INFO]: *************** 开始执行用例 ***************
[2020-10-27 19:08:28,229][test_detect_image_faces.py 26][INFO]: *************** 开始执行用例 ***************
[2020-10-27 19:08:28,841][test_detect_image_faces.py 26][INFO]: *************** 开始执行用例 ***************
[2020-10-27 19:08:28,996][test_detect_image_faces.py 26][INFO]: *************** 开始执行用例 ***************
[2020-10-27 19:08:29,153][test_detect_image_faces.py 72][INFO]: *************** 开始执行用例 ***************
[2020-10-27 19:08:29,292][test_detect_image_faces.py 72][INFO]: *************** 开始执行用例 ***************
[2020-10-27 19:08:29,411][test_detect_image_faces.py 72][INFO]: *************** 开始执行用例 ***************
[2020-10-27 19:08:29,614][test_detect_image_faces.py 72][INFO]: *************** 开始执行用例 ***************
[2020-10-27 19:08:29,748][test_detect_image_faces.py 72][INFO]: *************** 开始执行用例 ***************
[2020-10-27 19:08:29,894][test_detect_image_faces.py 72][INFO]: *************** 开始执行用例 ***************
[2020-10-27 19:08:30,016][test_detect_image_faces.py 72][INFO]: *************** 开始执行用例 ***************
[2020-10-27 19:08:30,147][test_detect_image_faces.py 72][INFO]: *************** 开始执行用例 ***************
[2020-10-27 19:09:17,574][read_data.py 21][INFO]: 加载 G:\work\IMMTestProject\data\api_test_data.yml 文件......
[2020-10-27 19:09:17,589][read_data.py 24][INFO]: 读到数据 ==>>  {'test_detect_image_faces_success': [['IMM-Test-Project', 'oss://peter-test666/imm-test/testcases/item01.jpg', '200', True, True, 'oss://peter-test666/imm-test/testcases/item01.jpg'], ['IMM-Test-Project', 'oss://peter-test666/imm-test/testcases/item02.bmp', '200', True, True, 'oss://peter-test666/imm-test/testcases/item02.png'], ['IMM-Test-Project', 'oss://peter-test666/imm-test/testcases/item03.png', '200', True, True, 'oss://peter-test666/imm-test/testcases/item03.bmp'], ['IMM-Test-Project', 'oss://peter-test666/imm-test/testcases/item04.tif', '200', True, True, 'oss://peter-test666/imm-test/testcases/item04.tif'], ['IMM-Test-Project', 'oss://peter-test666/imm-test/testcases/item05.gif', '200', True, True, 'oss://peter-test666/imm-test/testcases/item05.gif']], 'test_detect_image_faces_fail': [['non-exist-project', 'oss://peter-test666/imm-test/testcases/item01.jpg', '400', True, False, False, 'project不存在'], ['other-user-project', 'oss://peter-test666/imm-test/testcases/item01.jpg', '400', True, False, False, 'project不是当前用户的project'], ['IMM-Test-Project', 'oss://peter-test666/imm-test/testcases/', '400', True, False, False, 'ImageUri路径不是图片'], ['IMM-Test-Project', 'oss://peter-test111/imm-test/testcases/item01.jpg', '400', True, False, False, '当前project不存在的obs'], ['IMM-Test-Project', 'test://peter-test666/imm-test/testcases/item01.jpg', '400', True, False, False, 'ImageUri路径格式异常'], ['IMM-Test-Project', 'oss://peter-test666/imm-test/testcases/notexistpic.jpg', '400', True, False, False, 'ImageUri路径图片不存在'], ['IMM-Test-Project', 'oss://peter-test666/imm-test/testcases/test.txt', '400', True, False, False, 'ImageUri不是图片格式'], ['IMM-Test-Project', 'oss://peter-test666/imm-test/testcases/aaa.jpg', '400', True, False, False, '图片异常分析失败']]} 
[2020-10-27 19:09:18,068][test_detect_image_faces.py 26][INFO]: *************** 开始执行用例 ***************
[2020-10-27 19:09:18,712][test_detect_image_faces.py 26][INFO]: *************** 开始执行用例 ***************
[2020-10-27 19:09:19,118][test_detect_image_faces.py 26][INFO]: *************** 开始执行用例 ***************
[2020-10-27 19:09:19,242][test_detect_image_faces.py 26][INFO]: *************** 开始执行用例 ***************
[2020-10-27 19:09:20,112][test_detect_image_faces.py 26][INFO]: *************** 开始执行用例 ***************
[2020-10-27 19:09:20,248][test_detect_image_faces.py 72][INFO]: *************** 开始执行用例 ***************
[2020-10-27 19:09:20,402][test_detect_image_faces.py 72][INFO]: *************** 开始执行用例 ***************
[2020-10-27 19:09:20,542][test_detect_image_faces.py 72][INFO]: *************** 开始执行用例 ***************
[2020-10-27 19:09:20,724][test_detect_image_faces.py 72][INFO]: *************** 开始执行用例 ***************
[2020-10-27 19:09:20,854][test_detect_image_faces.py 72][INFO]: *************** 开始执行用例 ***************
[2020-10-27 19:09:20,969][test_detect_image_faces.py 72][INFO]: *************** 开始执行用例 ***************
[2020-10-27 19:09:21,111][test_detect_image_faces.py 72][INFO]: *************** 开始执行用例 ***************
[2020-10-27 19:09:21,241][test_detect_image_faces.py 72][INFO]: *************** 开始执行用例 ***************
[2020-10-27 19:10:36,843][read_data.py 21][INFO]: 加载 G:\work\IMMTestProject\data\api_test_data.yml 文件......
[2020-10-27 19:10:36,859][read_data.py 24][INFO]: 读到数据 ==>>  {'test_detect_image_faces_success': [['IMM-Test-Project', 'oss://peter-test666/imm-test/testcases/item01.jpg', '200', True, True, 'oss://peter-test666/imm-test/testcases/item01.jpg'], ['IMM-Test-Project', 'oss://peter-test666/imm-test/testcases/item02.bmp', '200', True, True, 'oss://peter-test666/imm-test/testcases/item02.png'], ['IMM-Test-Project', 'oss://peter-test666/imm-test/testcases/item03.png', '200', True, True, 'oss://peter-test666/imm-test/testcases/item03.bmp'], ['IMM-Test-Project', 'oss://peter-test666/imm-test/testcases/item04.tif', '200', True, True, 'oss://peter-test666/imm-test/testcases/item04.tif'], ['IMM-Test-Project', 'oss://peter-test666/imm-test/testcases/item05.gif', '200', True, True, 'oss://peter-test666/imm-test/testcases/item05.gif']], 'test_detect_image_faces_fail': [['non-exist-project', 'oss://peter-test666/imm-test/testcases/item01.jpg', '400', True, False, False, 'project不存在'], ['other-user-project', 'oss://peter-test666/imm-test/testcases/item01.jpg', '400', True, False, False, 'project不是当前用户的project'], ['IMM-Test-Project', 'oss://peter-test666/imm-test/testcases/', '400', True, False, False, 'ImageUri路径不是图片'], ['IMM-Test-Project', 'oss://peter-test111/imm-test/testcases/item01.jpg', '400', True, False, False, '当前project不存在的obs'], ['IMM-Test-Project', 'test://peter-test666/imm-test/testcases/item01.jpg', '400', True, False, False, 'ImageUri路径格式异常'], ['IMM-Test-Project', 'oss://peter-test666/imm-test/testcases/notexistpic.jpg', '400', True, False, False, 'ImageUri路径图片不存在'], ['IMM-Test-Project', 'oss://peter-test666/imm-test/testcases/test.txt', '400', True, False, False, 'ImageUri不是图片格式'], ['IMM-Test-Project', 'oss://peter-test666/imm-test/testcases/aaa.jpg', '400', True, False, False, '图片异常分析失败']]} 
[2020-10-27 19:10:37,329][test_detect_image_faces.py 26][INFO]: *************** 开始执行用例 ***************
[2020-10-27 19:10:37,836][test_detect_image_faces.py 26][INFO]: *************** 开始执行用例 ***************
[2020-10-27 19:10:37,985][test_detect_image_faces.py 26][INFO]: *************** 开始执行用例 ***************
[2020-10-27 19:10:38,120][test_detect_image_faces.py 26][INFO]: *************** 开始执行用例 ***************
[2020-10-27 19:10:38,245][test_detect_image_faces.py 26][INFO]: *************** 开始执行用例 ***************
[2020-10-27 19:10:38,627][test_detect_image_faces.py 72][INFO]: *************** 开始执行用例 ***************
[2020-10-27 19:10:38,768][test_detect_image_faces.py 72][INFO]: *************** 开始执行用例 ***************
[2020-10-27 19:10:38,894][test_detect_image_faces.py 72][INFO]: *************** 开始执行用例 ***************
[2020-10-27 19:10:38,999][test_detect_image_faces.py 72][INFO]: *************** 开始执行用例 ***************
[2020-10-27 19:10:39,135][test_detect_image_faces.py 72][INFO]: *************** 开始执行用例 ***************
[2020-10-27 19:10:39,260][test_detect_image_faces.py 72][INFO]: *************** 开始执行用例 ***************
[2020-10-27 19:10:39,435][test_detect_image_faces.py 72][INFO]: *************** 开始执行用例 ***************
[2020-10-27 19:10:39,610][test_detect_image_faces.py 72][INFO]: *************** 开始执行用例 ***************
[2020-10-27 19:12:30,657][read_data.py 21][INFO]: 加载 G:\work\IMMTestProject\data\api_test_data.yml 文件......
[2020-10-27 19:12:30,671][read_data.py 24][INFO]: 读到数据 ==>>  {'test_detect_image_faces_success': [['IMM-Test-Project', 'oss://peter-test666/imm-test/testcases/item01.jpg', '200', True, True, 'oss://peter-test666/imm-test/testcases/item01.jpg'], ['IMM-Test-Project', 'oss://peter-test666/imm-test/testcases/item02.bmp', '200', True, True, 'oss://peter-test666/imm-test/testcases/item02.png'], ['IMM-Test-Project', 'oss://peter-test666/imm-test/testcases/item03.png', '200', True, True, 'oss://peter-test666/imm-test/testcases/item03.bmp'], ['IMM-Test-Project', 'oss://peter-test666/imm-test/testcases/item04.tif', '200', True, True, 'oss://peter-test666/imm-test/testcases/item04.tif'], ['IMM-Test-Project', 'oss://peter-test666/imm-test/testcases/item05.gif', '200', True, True, 'oss://peter-test666/imm-test/testcases/item05.gif']], 'test_detect_image_faces_fail': [['non-exist-project', 'oss://peter-test666/imm-test/testcases/item01.jpg', '400', True, False, False, 'project不存在'], ['other-user-project', 'oss://peter-test666/imm-test/testcases/item01.jpg', '400', True, False, False, 'project不是当前用户的project'], ['IMM-Test-Project', 'oss://peter-test666/imm-test/testcases/', '400', True, False, False, 'ImageUri路径不是图片'], ['IMM-Test-Project', 'oss://peter-test111/imm-test/testcases/item01.jpg', '400', True, False, False, '当前project不存在的obs'], ['IMM-Test-Project', 'test://peter-test666/imm-test/testcases/item01.jpg', '400', True, False, False, 'ImageUri路径格式异常'], ['IMM-Test-Project', 'oss://peter-test666/imm-test/testcases/notexistpic.jpg', '400', True, False, False, 'ImageUri路径图片不存在'], ['IMM-Test-Project', 'oss://peter-test666/imm-test/testcases/test.txt', '400', True, False, False, 'ImageUri不是图片格式'], ['IMM-Test-Project', 'oss://peter-test666/imm-test/testcases/aaa.jpg', '400', True, False, False, '图片异常分析失败']]} 
[2020-10-27 19:12:31,156][test_detect_image_faces.py 26][INFO]: *************** 开始执行用例 ***************
[2020-10-27 19:12:31,613][test_detect_image_faces.py 26][INFO]: *************** 开始执行用例 ***************
[2020-10-27 19:12:32,035][test_detect_image_faces.py 26][INFO]: *************** 开始执行用例 ***************
[2020-10-27 19:12:32,147][test_detect_image_faces.py 26][INFO]: *************** 开始执行用例 ***************
[2020-10-27 19:12:32,250][test_detect_image_faces.py 26][INFO]: *************** 开始执行用例 ***************
[2020-10-27 19:12:32,570][test_detect_image_faces.py 72][INFO]: *************** 开始执行用例 ***************
[2020-10-27 19:12:32,694][test_detect_image_faces.py 72][INFO]: *************** 开始执行用例 ***************
[2020-10-27 19:12:32,820][test_detect_image_faces.py 72][INFO]: *************** 开始执行用例 ***************
[2020-10-27 19:12:32,940][test_detect_image_faces.py 72][INFO]: *************** 开始执行用例 ***************
[2020-10-27 19:12:33,046][test_detect_image_faces.py 72][INFO]: *************** 开始执行用例 ***************
[2020-10-27 19:12:33,156][test_detect_image_faces.py 72][INFO]: *************** 开始执行用例 ***************
[2020-10-27 19:12:33,283][test_detect_image_faces.py 72][INFO]: *************** 开始执行用例 ***************
[2020-10-27 19:12:33,479][test_detect_image_faces.py 72][INFO]: *************** 开始执行用例 ***************
[2020-10-27 19:15:53,039][read_data.py 21][INFO]: 加载 G:\work\IMMTestProject\data\api_test_data.yml 文件......
[2020-10-27 19:15:53,054][read_data.py 24][INFO]: 读到数据 ==>>  {'test_detect_image_faces_success': [['IMM-Test-Project', 'oss://peter-test666/imm-test/testcases/item01.jpg', '200', True, True, 'oss://peter-test666/imm-test/testcases/item01.jpg'], ['IMM-Test-Project', 'oss://peter-test666/imm-test/testcases/item02.bmp', '200', True, True, 'oss://peter-test666/imm-test/testcases/item02.png'], ['IMM-Test-Project', 'oss://peter-test666/imm-test/testcases/item03.png', '200', True, True, 'oss://peter-test666/imm-test/testcases/item03.bmp'], ['IMM-Test-Project', 'oss://peter-test666/imm-test/testcases/item04.tif', '200', True, True, 'oss://peter-test666/imm-test/testcases/item04.tif'], ['IMM-Test-Project', 'oss://peter-test666/imm-test/testcases/item05.gif', '200', True, True, 'oss://peter-test666/imm-test/testcases/item05.gif']], 'test_detect_image_faces_fail': [['non-exist-project', 'oss://peter-test666/imm-test/testcases/item01.jpg', '400', True, False, False, 'project不存在'], ['other-user-project', 'oss://peter-test666/imm-test/testcases/item01.jpg', '400', True, False, False, 'project不是当前用户的project'], ['IMM-Test-Project', 'oss://peter-test666/imm-test/testcases/', '400', True, False, False, 'ImageUri路径不是图片'], ['IMM-Test-Project', 'oss://peter-test111/imm-test/testcases/item01.jpg', '400', True, False, False, '当前project不存在的obs'], ['IMM-Test-Project', 'test://peter-test666/imm-test/testcases/item01.jpg', '400', True, False, False, 'ImageUri路径格式异常'], ['IMM-Test-Project', 'oss://peter-test666/imm-test/testcases/notexistpic.jpg', '400', True, False, False, 'ImageUri路径图片不存在'], ['IMM-Test-Project', 'oss://peter-test666/imm-test/testcases/test.txt', '400', True, False, False, 'ImageUri不是图片格式'], ['IMM-Test-Project', 'oss://peter-test666/imm-test/testcases/aaa.jpg', '400', True, False, False, '图片异常分析失败']]} 
[2020-10-27 19:15:53,542][test_detect_image_faces.py 26][INFO]: *************** 开始执行用例 ***************
[2020-10-27 19:15:53,970][test_detect_image_faces.py 66][INFO]: *************** 结束执行用例 ***************
[2020-10-27 19:15:53,978][test_detect_image_faces.py 26][INFO]: *************** 开始执行用例 ***************
[2020-10-27 19:15:54,199][test_detect_image_faces.py 26][INFO]: *************** 开始执行用例 ***************
[2020-10-27 19:15:54,641][test_detect_image_faces.py 26][INFO]: *************** 开始执行用例 ***************
[2020-10-27 19:15:54,788][test_detect_image_faces.py 26][INFO]: *************** 开始执行用例 ***************
[2020-10-27 19:15:54,891][test_detect_image_faces.py 73][INFO]: *************** 开始执行用例 ***************
[2020-10-27 19:15:55,000][test_detect_image_faces.py 73][INFO]: *************** 开始执行用例 ***************
[2020-10-27 19:15:55,106][test_detect_image_faces.py 73][INFO]: *************** 开始执行用例 ***************
[2020-10-27 19:15:55,224][test_detect_image_faces.py 73][INFO]: *************** 开始执行用例 ***************
[2020-10-27 19:15:55,366][test_detect_image_faces.py 73][INFO]: *************** 开始执行用例 ***************
[2020-10-27 19:15:55,477][test_detect_image_faces.py 73][INFO]: *************** 开始执行用例 ***************
[2020-10-27 19:15:55,584][test_detect_image_faces.py 73][INFO]: *************** 开始执行用例 ***************
[2020-10-27 19:15:55,706][test_detect_image_faces.py 73][INFO]: *************** 开始执行用例 ***************
